<?xml version='1.0' encoding='utf-8'?>
<testsuite name="Unreal Automation" tests="11" failures="0" errors="0" skipped="0" time="0.787177">
  <testcase classname="Plugin.HorizonQuest./Game/_HorizonQuestDemo/Map/HorizonQuestDemoMap./Game/_HorizonQuestDemo/_Subsystem/Quest/Graph/QuestGraph_Main.Force Complete All Quest" name="Plugin.HorizonQuest./Game/_HorizonQuestDemo/Map/HorizonQuestDemoMap./Game/_HorizonQuestDemo/_Subsystem/Quest/Graph/QuestGraph_Main.Force Complete All Quest.Failed" time="0.153345" />
  <testcase classname="Plugin.HorizonQuest./Game/_HorizonQuestDemo/Map/HorizonQuestDemoMap./Game/_HorizonQuestDemo/_Subsystem/Quest/Graph/QuestGraph_Main.Force Complete All Quest" name="Plugin.HorizonQuest./Game/_HorizonQuestDemo/Map/HorizonQuestDemoMap./Game/_HorizonQuestDemo/_Subsystem/Quest/Graph/QuestGraph_Main.Force Complete All Quest.Success" time="0.069775" />
  <testcase classname="Plugin.HorizonQuest./Game/_HorizonQuestDemo/Map/HorizonQuestDemoMap./Game/_HorizonQuestDemo/_Subsystem/Quest/Graph/QuestGraph_Main" name="Plugin.HorizonQuest./Game/_HorizonQuestDemo/Map/HorizonQuestDemoMap./Game/_HorizonQuestDemo/_Subsystem/Quest/Graph/QuestGraph_Main.Check Accept/Complete Context" time="0.020466" />
  <testcase classname="Plugin.HorizonQuest./Game/_HorizonQuestDemo/Map/HorizonQuestDemoMap./Game/_HorizonQuestDemo/_Subsystem/Quest/Graph/QuestGraph_Main" name="Plugin.HorizonQuest./Game/_HorizonQuestDemo/Map/HorizonQuestDemoMap./Game/_HorizonQuestDemo/_Subsystem/Quest/Graph/QuestGraph_Main.Check if save load quest works" time="0.038402" />
  <testcase classname="Plugin.HorizonQuest./Game/_HorizonQuestDemo/Map/HorizonQuestDemoMap./Game/_HorizonQuestDemo/_Subsystem/Quest/Graph/QuestGraph_Main" name="Plugin.HorizonQuest./Game/_HorizonQuestDemo/Map/HorizonQuestDemoMap./Game/_HorizonQuestDemo/_Subsystem/Quest/Graph/QuestGraph_Main.Check if we can accept and finish a quest" time="0.012062" />
  <testcase classname="Plugin.HorizonQuest./Game/_HorizonQuestDemo/Map/HorizonQuestDemoMap./Game/_HorizonQuestDemo/_Subsystem/Quest/Graph/QuestGraph_Main" name="Plugin.HorizonQuest./Game/_HorizonQuestDemo/Map/HorizonQuestDemoMap./Game/_HorizonQuestDemo/_Subsystem/Quest/Graph/QuestGraph_Main.Check Quest progress" time="0.154181" />
  <testcase classname="Plugin.HorizonQuest./Game/_HorizonQuestDemo/Map/HorizonQuestDemoMap./Game/_HorizonQuestDemo/_Subsystem/Quest/Graph/QuestGraph_Main" name="Plugin.HorizonQuest./Game/_HorizonQuestDemo/Map/HorizonQuestDemoMap./Game/_HorizonQuestDemo/_Subsystem/Quest/Graph/QuestGraph_Main.Check SQ002 steps Auto Accept/Complete " time="0.114401" />
  <testcase classname="Plugin.HorizonQuest./Game/_HorizonQuestDemo/Map/HorizonQuestDemoMap./Game/_HorizonQuestDemo/_Subsystem/Quest/Graph/QuestGraph_Main" name="Plugin.HorizonQuest./Game/_HorizonQuestDemo/Map/HorizonQuestDemoMap./Game/_HorizonQuestDemo/_Subsystem/Quest/Graph/QuestGraph_Main.DropQuest" time="0.025713" />
  <testcase classname="Plugin.HorizonQuest./Game/_HorizonQuestDemo/Map/HorizonQuestDemoMap./Game/_HorizonQuestDemo/_Subsystem/Quest/Graph/QuestGraph_Main" name="Plugin.HorizonQuest./Game/_HorizonQuestDemo/Map/HorizonQuestDemoMap./Game/_HorizonQuestDemo/_Subsystem/Quest/Graph/QuestGraph_Main.Test Repeat Quest" time="0.112876" />
  <testcase classname="Plugin.HorizonQuestFlag./Game/_HorizonQuestDemo/Map/HorizonQuestDemoMap" name="Plugin.HorizonQuestFlag./Game/_HorizonQuestDemo/Map/HorizonQuestDemoMap.Check QuestFlag count" time="0.039283" />
  <testcase classname="Plugin.HorizonQuestFlag./Game/_HorizonQuestDemo/Map/HorizonQuestDemoMap" name="Plugin.HorizonQuestFlag./Game/_HorizonQuestDemo/Map/HorizonQuestDemoMap.Save/Load Serialization" time="0.046673" />
</testsuite>