<?xml version='1.0' encoding='utf-8'?>
<testsuite name="Unreal Automation" tests="11" failures="0" errors="0" skipped="0" time="0.844188">
  <testcase classname="Plugin.HorizonQuest./Game/_HorizonQuestDemo/Map/HorizonQuestDemoMap./Game/_HorizonQuestDemo/_Subsystem/Quest/Graph/QuestGraph_Main.Force Complete All Quest" name="Plugin.HorizonQuest./Game/_HorizonQuestDemo/Map/HorizonQuestDemoMap./Game/_HorizonQuestDemo/_Subsystem/Quest/Graph/QuestGraph_Main.Force Complete All Quest.Failed" time="0.166622" />
  <testcase classname="Plugin.HorizonQuest./Game/_HorizonQuestDemo/Map/HorizonQuestDemoMap./Game/_HorizonQuestDemo/_Subsystem/Quest/Graph/QuestGraph_Main.Force Complete All Quest" name="Plugin.HorizonQuest./Game/_HorizonQuestDemo/Map/HorizonQuestDemoMap./Game/_HorizonQuestDemo/_Subsystem/Quest/Graph/QuestGraph_Main.Force Complete All Quest.Success" time="0.066191" />
  <testcase classname="Plugin.HorizonQuest./Game/_HorizonQuestDemo/Map/HorizonQuestDemoMap./Game/_HorizonQuestDemo/_Subsystem/Quest/Graph/QuestGraph_Main" name="Plugin.HorizonQuest./Game/_HorizonQuestDemo/Map/HorizonQuestDemoMap./Game/_HorizonQuestDemo/_Subsystem/Quest/Graph/QuestGraph_Main.Check Accept/Complete Context" time="0.022282" />
  <testcase classname="Plugin.HorizonQuest./Game/_HorizonQuestDemo/Map/HorizonQuestDemoMap./Game/_HorizonQuestDemo/_Subsystem/Quest/Graph/QuestGraph_Main" name="Plugin.HorizonQuest./Game/_HorizonQuestDemo/Map/HorizonQuestDemoMap./Game/_HorizonQuestDemo/_Subsystem/Quest/Graph/QuestGraph_Main.Check if save load quest works" time="0.038260" />
  <testcase classname="Plugin.HorizonQuest./Game/_HorizonQuestDemo/Map/HorizonQuestDemoMap./Game/_HorizonQuestDemo/_Subsystem/Quest/Graph/QuestGraph_Main" name="Plugin.HorizonQuest./Game/_HorizonQuestDemo/Map/HorizonQuestDemoMap./Game/_HorizonQuestDemo/_Subsystem/Quest/Graph/QuestGraph_Main.Check if we can accept and finish a quest" time="0.014893" />
  <testcase classname="Plugin.HorizonQuest./Game/_HorizonQuestDemo/Map/HorizonQuestDemoMap./Game/_HorizonQuestDemo/_Subsystem/Quest/Graph/QuestGraph_Main" name="Plugin.HorizonQuest./Game/_HorizonQuestDemo/Map/HorizonQuestDemoMap./Game/_HorizonQuestDemo/_Subsystem/Quest/Graph/QuestGraph_Main.Check Quest progress" time="0.152878" />
  <testcase classname="Plugin.HorizonQuest./Game/_HorizonQuestDemo/Map/HorizonQuestDemoMap./Game/_HorizonQuestDemo/_Subsystem/Quest/Graph/QuestGraph_Main" name="Plugin.HorizonQuest./Game/_HorizonQuestDemo/Map/HorizonQuestDemoMap./Game/_HorizonQuestDemo/_Subsystem/Quest/Graph/QuestGraph_Main.Check SQ002 steps Auto Accept/Complete " time="0.124317" />
  <testcase classname="Plugin.HorizonQuest./Game/_HorizonQuestDemo/Map/HorizonQuestDemoMap./Game/_HorizonQuestDemo/_Subsystem/Quest/Graph/QuestGraph_Main" name="Plugin.HorizonQuest./Game/_HorizonQuestDemo/Map/HorizonQuestDemoMap./Game/_HorizonQuestDemo/_Subsystem/Quest/Graph/QuestGraph_Main.DropQuest" time="0.025564" />
  <testcase classname="Plugin.HorizonQuest./Game/_HorizonQuestDemo/Map/HorizonQuestDemoMap./Game/_HorizonQuestDemo/_Subsystem/Quest/Graph/QuestGraph_Main" name="Plugin.HorizonQuest./Game/_HorizonQuestDemo/Map/HorizonQuestDemoMap./Game/_HorizonQuestDemo/_Subsystem/Quest/Graph/QuestGraph_Main.Test Repeat Quest" time="0.111302" />
  <testcase classname="Plugin.HorizonQuestFlag./Game/_HorizonQuestDemo/Map/HorizonQuestDemoMap" name="Plugin.HorizonQuestFlag./Game/_HorizonQuestDemo/Map/HorizonQuestDemoMap.Check QuestFlag count" time="0.038967" />
  <testcase classname="Plugin.HorizonQuestFlag./Game/_HorizonQuestDemo/Map/HorizonQuestDemoMap" name="Plugin.HorizonQuestFlag./Game/_HorizonQuestDemo/Map/HorizonQuestDemoMap.Save/Load Serialization" time="0.082912" />
</testsuite>