<?xml version='1.0' encoding='utf-8'?>
<Site BuildName="Windows" BuildStamp="0001.01.01-00.00.00" Generator="UE4_Automation_System" CompilerName="" CompilerVersion="" OSName="Windows" Hostname="PC-TiffanyHo" OSRelease="10" OSVersion="10.0.19045" OSPlatform="Windows" Is64Bits="1" VendorString="Intel64 Family 6 Model 158 Stepping 9, GenuineIntel" VendorID="Intel64 Family 6 Model 158 Stepping 9, GenuineIntel" FamilyID="" ModelID="" ProcessorCacheSize="" NumberOfLogicalCPU="8" NumberOfPhysicalCPU="" TotalVirtualMemory="" TotalPhysicalMemory="" LogicalProcessorsPerPhysical="" ProcessorClockFrequency="">
  <Testing>
    <StartDateTime>0001.01.01-00.00.00</StartDateTime>
    <StartTestTime>0</StartTestTime>
    <EndDateTime>0001.01.01-00.00.00</EndDateTime>
    <EndTestTime>0</EndTestTime>
    <ElapsedMinutes>0.00</ElapsedMinutes>
    <TestList>
      <Test>Plugin.HorizonQuest./Game/_HorizonQuestDemo/Map/HorizonQuestDemoMap./Game/_HorizonQuestDemo/_Subsystem/Quest/Graph/QuestGraph_Main.Force Complete All Quest.Failed</Test>
      <Test>Plugin.HorizonQuest./Game/_HorizonQuestDemo/Map/HorizonQuestDemoMap./Game/_HorizonQuestDemo/_Subsystem/Quest/Graph/QuestGraph_Main.Force Complete All Quest.Success</Test>
      <Test>Plugin.HorizonQuest./Game/_HorizonQuestDemo/Map/HorizonQuestDemoMap./Game/_HorizonQuestDemo/_Subsystem/Quest/Graph/QuestGraph_Main.Check Accept/Complete Context</Test>
      <Test>Plugin.HorizonQuest./Game/_HorizonQuestDemo/Map/HorizonQuestDemoMap./Game/_HorizonQuestDemo/_Subsystem/Quest/Graph/QuestGraph_Main.Check if save load quest works</Test>
      <Test>Plugin.HorizonQuest./Game/_HorizonQuestDemo/Map/HorizonQuestDemoMap./Game/_HorizonQuestDemo/_Subsystem/Quest/Graph/QuestGraph_Main.Check if we can accept and finish a quest</Test>
      <Test>Plugin.HorizonQuest./Game/_HorizonQuestDemo/Map/HorizonQuestDemoMap./Game/_HorizonQuestDemo/_Subsystem/Quest/Graph/QuestGraph_Main.Check Quest progress</Test>
      <Test>Plugin.HorizonQuest./Game/_HorizonQuestDemo/Map/HorizonQuestDemoMap./Game/_HorizonQuestDemo/_Subsystem/Quest/Graph/QuestGraph_Main.Check SQ002 steps Auto Accept/Complete </Test>
      <Test>Plugin.HorizonQuest./Game/_HorizonQuestDemo/Map/HorizonQuestDemoMap./Game/_HorizonQuestDemo/_Subsystem/Quest/Graph/QuestGraph_Main.DropQuest</Test>
      <Test>Plugin.HorizonQuest./Game/_HorizonQuestDemo/Map/HorizonQuestDemoMap./Game/_HorizonQuestDemo/_Subsystem/Quest/Graph/QuestGraph_Main.Test Repeat Quest</Test>
      <Test>Plugin.HorizonQuestFlag./Game/_HorizonQuestDemo/Map/HorizonQuestDemoMap.Check QuestFlag count</Test>
      <Test>Plugin.HorizonQuestFlag./Game/_HorizonQuestDemo/Map/HorizonQuestDemoMap.Save/Load Serialization</Test>
    </TestList>
    <Test Status="passed">
      <Name>Plugin.HorizonQuest./Game/_HorizonQuestDemo/Map/HorizonQuestDemoMap./Game/_HorizonQuestDemo/_Subsystem/Quest/Graph/QuestGraph_Main.Force Complete All Quest.Failed</Name>
      <Path>Failed</Path>
      <FullName>Plugin.HorizonQuest./Game/_HorizonQuestDemo/Map/HorizonQuestDemoMap./Game/_HorizonQuestDemo/_Subsystem/Quest/Graph/QuestGraph_Main.Force Complete All Quest.Failed</FullName>
      <Results>
        <NamedMeasurement type="numeric/double" name="Execution Time">
          <Value>0.16662240028381348</Value>
        </NamedMeasurement>
        <NamedMeasurement type="text/string" name="Completion Status">
          <Value>passed</Value>
        </NamedMeasurement>
        <NamedMeasurement type="numeric/int" name="Warnings">
          <Value>0</Value>
        </NamedMeasurement>
        <NamedMeasurement type="numeric/int" name="Errors">
          <Value>0</Value>
        </NamedMeasurement>
        <Measurement>
          <Value />
        </Measurement>
      </Results>
      <Labels />
      <Status>passed</Status>
      <CompletionStatus>passed</CompletionStatus>
      <ExecutionTime>0.16662240028381348</ExecutionTime>
      <Command>Unreal Automation</Command>
      <StartTime>2026-06-01T14:29:28Z</StartTime>
      <EndTime>2026-06-01T14:29:28Z</EndTime>
    </Test>
    <Test Status="passed">
      <Name>Plugin.HorizonQuest./Game/_HorizonQuestDemo/Map/HorizonQuestDemoMap./Game/_HorizonQuestDemo/_Subsystem/Quest/Graph/QuestGraph_Main.Force Complete All Quest.Success</Name>
      <Path>Success</Path>
      <FullName>Plugin.HorizonQuest./Game/_HorizonQuestDemo/Map/HorizonQuestDemoMap./Game/_HorizonQuestDemo/_Subsystem/Quest/Graph/QuestGraph_Main.Force Complete All Quest.Success</FullName>
      <Results>
        <NamedMeasurement type="numeric/double" name="Execution Time">
          <Value>0.06619130074977875</Value>
        </NamedMeasurement>
        <NamedMeasurement type="text/string" name="Completion Status">
          <Value>passed</Value>
        </NamedMeasurement>
        <NamedMeasurement type="numeric/int" name="Warnings">
          <Value>0</Value>
        </NamedMeasurement>
        <NamedMeasurement type="numeric/int" name="Errors">
          <Value>0</Value>
        </NamedMeasurement>
        <Measurement>
          <Value />
        </Measurement>
      </Results>
      <Labels />
      <Status>passed</Status>
      <CompletionStatus>passed</CompletionStatus>
      <ExecutionTime>0.06619130074977875</ExecutionTime>
      <Command>Unreal Automation</Command>
      <StartTime>2026-06-01T14:29:28Z</StartTime>
      <EndTime>2026-06-01T14:29:28Z</EndTime>
    </Test>
    <Test Status="passed">
      <Name>Plugin.HorizonQuest./Game/_HorizonQuestDemo/Map/HorizonQuestDemoMap./Game/_HorizonQuestDemo/_Subsystem/Quest/Graph/QuestGraph_Main.Check Accept/Complete Context</Name>
      <Path>Check Accept/Complete Context</Path>
      <FullName>Plugin.HorizonQuest./Game/_HorizonQuestDemo/Map/HorizonQuestDemoMap./Game/_HorizonQuestDemo/_Subsystem/Quest/Graph/QuestGraph_Main.Check Accept/Complete Context</FullName>
      <Results>
        <NamedMeasurement type="numeric/double" name="Execution Time">
          <Value>0.022281501442193985</Value>
        </NamedMeasurement>
        <NamedMeasurement type="text/string" name="Completion Status">
          <Value>passed</Value>
        </NamedMeasurement>
        <NamedMeasurement type="numeric/int" name="Warnings">
          <Value>0</Value>
        </NamedMeasurement>
        <NamedMeasurement type="numeric/int" name="Errors">
          <Value>0</Value>
        </NamedMeasurement>
        <Measurement>
          <Value />
        </Measurement>
      </Results>
      <Labels />
      <Status>passed</Status>
      <CompletionStatus>passed</CompletionStatus>
      <ExecutionTime>0.022281501442193985</ExecutionTime>
      <Command>Unreal Automation</Command>
      <StartTime>2026-06-01T14:29:28Z</StartTime>
      <EndTime>2026-06-01T14:29:28Z</EndTime>
    </Test>
    <Test Status="passed">
      <Name>Plugin.HorizonQuest./Game/_HorizonQuestDemo/Map/HorizonQuestDemoMap./Game/_HorizonQuestDemo/_Subsystem/Quest/Graph/QuestGraph_Main.Check if save load quest works</Name>
      <Path>Check if save load quest works</Path>
      <FullName>Plugin.HorizonQuest./Game/_HorizonQuestDemo/Map/HorizonQuestDemoMap./Game/_HorizonQuestDemo/_Subsystem/Quest/Graph/QuestGraph_Main.Check if save load quest works</FullName>
      <Results>
        <NamedMeasurement type="numeric/double" name="Execution Time">
          <Value>0.03825979679822922</Value>
        </NamedMeasurement>
        <NamedMeasurement type="text/string" name="Completion Status">
          <Value>passed</Value>
        </NamedMeasurement>
        <NamedMeasurement type="numeric/int" name="Warnings">
          <Value>0</Value>
        </NamedMeasurement>
        <NamedMeasurement type="numeric/int" name="Errors">
          <Value>0</Value>
        </NamedMeasurement>
        <Measurement>
          <Value />
        </Measurement>
      </Results>
      <Labels />
      <Status>passed</Status>
      <CompletionStatus>passed</CompletionStatus>
      <ExecutionTime>0.03825979679822922</ExecutionTime>
      <Command>Unreal Automation</Command>
      <StartTime>2026-06-01T14:29:28Z</StartTime>
      <EndTime>2026-06-01T14:29:28Z</EndTime>
    </Test>
    <Test Status="passed">
      <Name>Plugin.HorizonQuest./Game/_HorizonQuestDemo/Map/HorizonQuestDemoMap./Game/_HorizonQuestDemo/_Subsystem/Quest/Graph/QuestGraph_Main.Check if we can accept and finish a quest</Name>
      <Path>Check if we can accept and finish a quest</Path>
      <FullName>Plugin.HorizonQuest./Game/_HorizonQuestDemo/Map/HorizonQuestDemoMap./Game/_HorizonQuestDemo/_Subsystem/Quest/Graph/QuestGraph_Main.Check if we can accept and finish a quest</FullName>
      <Results>
        <NamedMeasurement type="numeric/double" name="Execution Time">
          <Value>0.014893300831317902</Value>
        </NamedMeasurement>
        <NamedMeasurement type="text/string" name="Completion Status">
          <Value>passed</Value>
        </NamedMeasurement>
        <NamedMeasurement type="numeric/int" name="Warnings">
          <Value>0</Value>
        </NamedMeasurement>
        <NamedMeasurement type="numeric/int" name="Errors">
          <Value>0</Value>
        </NamedMeasurement>
        <Measurement>
          <Value />
        </Measurement>
      </Results>
      <Labels />
      <Status>passed</Status>
      <CompletionStatus>passed</CompletionStatus>
      <ExecutionTime>0.014893300831317902</ExecutionTime>
      <Command>Unreal Automation</Command>
      <StartTime>2026-06-01T14:29:28Z</StartTime>
      <EndTime>2026-06-01T14:29:28Z</EndTime>
    </Test>
    <Test Status="passed">
      <Name>Plugin.HorizonQuest./Game/_HorizonQuestDemo/Map/HorizonQuestDemoMap./Game/_HorizonQuestDemo/_Subsystem/Quest/Graph/QuestGraph_Main.Check Quest progress</Name>
      <Path>Check Quest progress</Path>
      <FullName>Plugin.HorizonQuest./Game/_HorizonQuestDemo/Map/HorizonQuestDemoMap./Game/_HorizonQuestDemo/_Subsystem/Quest/Graph/QuestGraph_Main.Check Quest progress</FullName>
      <Results>
        <NamedMeasurement type="numeric/double" name="Execution Time">
          <Value>0.15287770330905914</Value>
        </NamedMeasurement>
        <NamedMeasurement type="text/string" name="Completion Status">
          <Value>passed</Value>
        </NamedMeasurement>
        <NamedMeasurement type="numeric/int" name="Warnings">
          <Value>0</Value>
        </NamedMeasurement>
        <NamedMeasurement type="numeric/int" name="Errors">
          <Value>0</Value>
        </NamedMeasurement>
        <Measurement>
          <Value />
        </Measurement>
      </Results>
      <Labels />
      <Status>passed</Status>
      <CompletionStatus>passed</CompletionStatus>
      <ExecutionTime>0.15287770330905914</ExecutionTime>
      <Command>Unreal Automation</Command>
      <StartTime>2026-06-01T14:29:28Z</StartTime>
      <EndTime>2026-06-01T14:29:28Z</EndTime>
    </Test>
    <Test Status="passed">
      <Name>Plugin.HorizonQuest./Game/_HorizonQuestDemo/Map/HorizonQuestDemoMap./Game/_HorizonQuestDemo/_Subsystem/Quest/Graph/QuestGraph_Main.Check SQ002 steps Auto Accept/Complete </Name>
      <Path>Check SQ002 steps Auto Accept/Complete </Path>
      <FullName>Plugin.HorizonQuest./Game/_HorizonQuestDemo/Map/HorizonQuestDemoMap./Game/_HorizonQuestDemo/_Subsystem/Quest/Graph/QuestGraph_Main.Check SQ002 steps Auto Accept/Complete </FullName>
      <Results>
        <NamedMeasurement type="numeric/double" name="Execution Time">
          <Value>0.12431660294532776</Value>
        </NamedMeasurement>
        <NamedMeasurement type="text/string" name="Completion Status">
          <Value>passed</Value>
        </NamedMeasurement>
        <NamedMeasurement type="numeric/int" name="Warnings">
          <Value>0</Value>
        </NamedMeasurement>
        <NamedMeasurement type="numeric/int" name="Errors">
          <Value>0</Value>
        </NamedMeasurement>
        <Measurement>
          <Value />
        </Measurement>
      </Results>
      <Labels />
      <Status>passed</Status>
      <CompletionStatus>passed</CompletionStatus>
      <ExecutionTime>0.12431660294532776</ExecutionTime>
      <Command>Unreal Automation</Command>
      <StartTime>2026-06-01T14:29:28Z</StartTime>
      <EndTime>2026-06-01T14:29:28Z</EndTime>
    </Test>
    <Test Status="passed">
      <Name>Plugin.HorizonQuest./Game/_HorizonQuestDemo/Map/HorizonQuestDemoMap./Game/_HorizonQuestDemo/_Subsystem/Quest/Graph/QuestGraph_Main.DropQuest</Name>
      <Path>DropQuest</Path>
      <FullName>Plugin.HorizonQuest./Game/_HorizonQuestDemo/Map/HorizonQuestDemoMap./Game/_HorizonQuestDemo/_Subsystem/Quest/Graph/QuestGraph_Main.DropQuest</FullName>
      <Results>
        <NamedMeasurement type="numeric/double" name="Execution Time">
          <Value>0.02556440234184265</Value>
        </NamedMeasurement>
        <NamedMeasurement type="text/string" name="Completion Status">
          <Value>passed</Value>
        </NamedMeasurement>
        <NamedMeasurement type="numeric/int" name="Warnings">
          <Value>0</Value>
        </NamedMeasurement>
        <NamedMeasurement type="numeric/int" name="Errors">
          <Value>0</Value>
        </NamedMeasurement>
        <Measurement>
          <Value />
        </Measurement>
      </Results>
      <Labels />
      <Status>passed</Status>
      <CompletionStatus>passed</CompletionStatus>
      <ExecutionTime>0.02556440234184265</ExecutionTime>
      <Command>Unreal Automation</Command>
      <StartTime>2026-06-01T14:29:28Z</StartTime>
      <EndTime>2026-06-01T14:29:28Z</EndTime>
    </Test>
    <Test Status="passed">
      <Name>Plugin.HorizonQuest./Game/_HorizonQuestDemo/Map/HorizonQuestDemoMap./Game/_HorizonQuestDemo/_Subsystem/Quest/Graph/QuestGraph_Main.Test Repeat Quest</Name>
      <Path>Test Repeat Quest</Path>
      <FullName>Plugin.HorizonQuest./Game/_HorizonQuestDemo/Map/HorizonQuestDemoMap./Game/_HorizonQuestDemo/_Subsystem/Quest/Graph/QuestGraph_Main.Test Repeat Quest</FullName>
      <Results>
        <NamedMeasurement type="numeric/double" name="Execution Time">
          <Value>0.11130200326442719</Value>
        </NamedMeasurement>
        <NamedMeasurement type="text/string" name="Completion Status">
          <Value>passed</Value>
        </NamedMeasurement>
        <NamedMeasurement type="numeric/int" name="Warnings">
          <Value>0</Value>
        </NamedMeasurement>
        <NamedMeasurement type="numeric/int" name="Errors">
          <Value>0</Value>
        </NamedMeasurement>
        <Measurement>
          <Value />
        </Measurement>
      </Results>
      <Labels />
      <Status>passed</Status>
      <CompletionStatus>passed</CompletionStatus>
      <ExecutionTime>0.11130200326442719</ExecutionTime>
      <Command>Unreal Automation</Command>
      <StartTime>2026-06-01T14:29:28Z</StartTime>
      <EndTime>2026-06-01T14:29:28Z</EndTime>
    </Test>
    <Test Status="passed">
      <Name>Plugin.HorizonQuestFlag./Game/_HorizonQuestDemo/Map/HorizonQuestDemoMap.Check QuestFlag count</Name>
      <Path>Check QuestFlag count</Path>
      <FullName>Plugin.HorizonQuestFlag./Game/_HorizonQuestDemo/Map/HorizonQuestDemoMap.Check QuestFlag count</FullName>
      <Results>
        <NamedMeasurement type="numeric/double" name="Execution Time">
          <Value>0.03896689787507057</Value>
        </NamedMeasurement>
        <NamedMeasurement type="text/string" name="Completion Status">
          <Value>passed</Value>
        </NamedMeasurement>
        <NamedMeasurement type="numeric/int" name="Warnings">
          <Value>0</Value>
        </NamedMeasurement>
        <NamedMeasurement type="numeric/int" name="Errors">
          <Value>0</Value>
        </NamedMeasurement>
        <Measurement>
          <Value />
        </Measurement>
      </Results>
      <Labels />
      <Status>passed</Status>
      <CompletionStatus>passed</CompletionStatus>
      <ExecutionTime>0.03896689787507057</ExecutionTime>
      <Command>Unreal Automation</Command>
      <StartTime>2026-06-01T14:29:28Z</StartTime>
      <EndTime>2026-06-01T14:29:28Z</EndTime>
    </Test>
    <Test Status="passed">
      <Name>Plugin.HorizonQuestFlag./Game/_HorizonQuestDemo/Map/HorizonQuestDemoMap.Save/Load Serialization</Name>
      <Path>Save/Load Serialization</Path>
      <FullName>Plugin.HorizonQuestFlag./Game/_HorizonQuestDemo/Map/HorizonQuestDemoMap.Save/Load Serialization</FullName>
      <Results>
        <NamedMeasurement type="numeric/double" name="Execution Time">
          <Value>0.08291170001029968</Value>
        </NamedMeasurement>
        <NamedMeasurement type="text/string" name="Completion Status">
          <Value>passed</Value>
        </NamedMeasurement>
        <NamedMeasurement type="numeric/int" name="Warnings">
          <Value>0</Value>
        </NamedMeasurement>
        <NamedMeasurement type="numeric/int" name="Errors">
          <Value>0</Value>
        </NamedMeasurement>
        <Measurement>
          <Value />
        </Measurement>
      </Results>
      <Labels />
      <Status>passed</Status>
      <CompletionStatus>passed</CompletionStatus>
      <ExecutionTime>0.08291170001029968</ExecutionTime>
      <Command>Unreal Automation</Command>
      <StartTime>2026-06-01T14:29:28Z</StartTime>
      <EndTime>2026-06-01T14:29:28Z</EndTime>
    </Test>
  </Testing>
</Site>