<?xml version='1.0' encoding='utf-8'?>
<coverage line-rate="0.6540" branch-rate="0.0000" complexity="0" branches-covered="0" branches-valid="0" timestamp="1780324158" lines-covered="1363" lines-valid="2084" version="0">
  <sources><source>C:\_agent\jenkins_ws\HorizonPlugin\HorizonQuestDemo\Build\PackagedBuild</source></sources><packages><package name="C:\_agent\jenkins_ws\HorizonPlugin\HorizonQuestDemo\Build\PackagedBuild\Intermediate\BuildArtifacts\BuildPackage\Win64\main\5.7.0.167\Development\Standalone\HorizonQuestDemo\Binaries\Win64\HorizonQuestDemo.exe" line-rate="0.6540" branch-rate="0.0000" complexity="0" lines-covered="1363" lines-valid="2084" branches-covered="0" branches-valid="0">
      <classes><class name="HorizonQuestGraphDataContainer.cpp" filename="PackagedBuild/Plugins/HorizonQuest/Source/HorizonQuest/Private/Data/HorizonQuestGraphDataContainer.cpp" line-rate="0.3390" branch-rate="0.0000" complexity="0" lines-covered="20" lines-valid="59" branches-covered="0" branches-valid="0">
          <methods />
          <lines>
            <line number="8" hits="0" />
            <line number="9" hits="0" />
            <line number="11" hits="0" />
            <line number="16" hits="0" />
            <line number="17" hits="0" />
            <line number="19" hits="0" />
            <line number="22" hits="0" />
            <line number="23" hits="0" />
            <line number="25" hits="0" />
            <line number="28" hits="0" />
            <line number="29" hits="0" />
            <line number="34" hits="0" />
            <line number="37" hits="1" />
            <line number="38" hits="1" />
            <line number="39" hits="1" />
            <line number="40" hits="1" />
            <line number="43" hits="1" />
            <line number="45" hits="1" />
            <line number="50" hits="0" />
            <line number="51" hits="0" />
            <line number="55" hits="1" />
            <line number="58" hits="1" />
            <line number="63" hits="1" />
            <line number="65" hits="1" />
            <line number="67" hits="1" />
            <line number="71" hits="1" />
            <line number="74" hits="0" />
            <line number="75" hits="0" />
            <line number="76" hits="0" />
            <line number="82" hits="0" />
            <line number="83" hits="0" />
            <line number="84" hits="0" />
            <line number="85" hits="0" />
            <line number="86" hits="0" />
            <line number="87" hits="0" />
            <line number="91" hits="0" />
            <line number="94" hits="0" />
            <line number="95" hits="0" />
            <line number="96" hits="0" />
            <line number="99" hits="0" />
            <line number="100" hits="0" />
            <line number="105" hits="0" />
            <line number="107" hits="0" />
            <line number="108" hits="0" />
            <line number="109" hits="0" />
            <line number="111" hits="0" />
            <line number="114" hits="0" />
            <line number="115" hits="0" />
            <line number="116" hits="0" />
            <line number="117" hits="0" />
            <line number="118" hits="0" />
            <line number="121" hits="1" />
            <line number="122" hits="1" />
            <line number="123" hits="1" />
            <line number="126" hits="1" />
            <line number="129" hits="1" />
            <line number="133" hits="1" />
            <line number="135" hits="1" />
            <line number="136" hits="1" />
          </lines>
        </class>
        <class name="HorizonQuestGraph.cpp" filename="PackagedBuild/Plugins/HorizonQuest/Source/HorizonQuest/Private/Graph/HorizonQuestGraph.cpp" line-rate="0.2254" branch-rate="0.0000" complexity="0" lines-covered="16" lines-valid="71" branches-covered="0" branches-valid="0">
          <methods />
          <lines>
            <line number="14" hits="0" />
            <line number="15" hits="0" />
            <line number="16" hits="0" />
            <line number="18" hits="0" />
            <line number="24" hits="0" />
            <line number="25" hits="0" />
            <line number="26" hits="0" />
            <line number="27" hits="0" />
            <line number="29" hits="0" />
            <line number="31" hits="0" />
            <line number="33" hits="0" />
            <line number="34" hits="0" />
            <line number="35" hits="0" />
            <line number="37" hits="0" />
            <line number="39" hits="0" />
            <line number="44" hits="0" />
            <line number="45" hits="0" />
            <line number="46" hits="0" />
            <line number="49" hits="0" />
            <line number="50" hits="0" />
            <line number="53" hits="0" />
            <line number="54" hits="0" />
            <line number="55" hits="0" />
            <line number="57" hits="0" />
            <line number="59" hits="0" />
            <line number="61" hits="0" />
            <line number="64" hits="0" />
            <line number="66" hits="0" />
            <line number="67" hits="0" />
            <line number="68" hits="0" />
            <line number="70" hits="0" />
            <line number="72" hits="0" />
            <line number="77" hits="0" />
            <line number="78" hits="0" />
            <line number="79" hits="0" />
            <line number="81" hits="0" />
            <line number="84" hits="0" />
            <line number="85" hits="0" />
            <line number="86" hits="0" />
            <line number="88" hits="0" />
            <line number="90" hits="0" />
            <line number="91" hits="0" />
            <line number="92" hits="0" />
            <line number="93" hits="0" />
            <line number="95" hits="0" />
            <line number="96" hits="0" />
            <line number="99" hits="0" />
            <line number="100" hits="0" />
            <line number="101" hits="0" />
            <line number="103" hits="0" />
            <line number="105" hits="0" />
            <line number="106" hits="0" />
            <line number="109" hits="0" />
            <line number="113" hits="0" />
            <line number="116" hits="1" />
            <line number="117" hits="1" />
            <line number="118" hits="1" />
            <line number="128" hits="1" />
            <line number="129" hits="1" />
            <line number="132" hits="1" />
            <line number="133" hits="1" />
            <line number="135" hits="1" />
            <line number="138" hits="1" />
            <line number="140" hits="1" />
            <line number="142" hits="1" />
            <line number="143" hits="1" />
            <line number="145" hits="1" />
            <line number="146" hits="1" />
            <line number="153" hits="0" />
            <line number="154" hits="1" />
            <line number="155" hits="1" />
          </lines>
        </class>
        <class name="HorizonQuestGraphEdge.cpp" filename="PackagedBuild/Plugins/HorizonQuest/Source/HorizonQuest/Private/Graph/HorizonQuestGraphEdge.cpp" line-rate="0.0000" branch-rate="0.0000" complexity="0" lines-covered="0" lines-valid="3" branches-covered="0" branches-valid="0">
          <methods />
          <lines>
            <line number="12" hits="0" />
            <line number="13" hits="0" />
            <line number="14" hits="0" />
          </lines>
        </class>
        <class name="HorizonQuestGraphNode.cpp" filename="PackagedBuild/Plugins/HorizonQuest/Source/HorizonQuest/Private/Graph/HorizonQuestGraphNode.cpp" line-rate="0.4706" branch-rate="0.0000" complexity="0" lines-covered="48" lines-valid="102" branches-covered="0" branches-valid="0">
          <methods />
          <lines>
            <line number="17" hits="0" />
            <line number="23" hits="0" />
            <line number="29" hits="1" />
            <line number="30" hits="1" />
            <line number="31" hits="1" />
            <line number="35" hits="0" />
            <line number="36" hits="0" />
            <line number="37" hits="0" />
            <line number="43" hits="0" />
            <line number="44" hits="0" />
            <line number="45" hits="0" />
            <line number="49" hits="1" />
            <line number="50" hits="1" />
            <line number="51" hits="1" />
            <line number="54" hits="0" />
            <line number="55" hits="0" />
            <line number="56" hits="0" />
            <line number="59" hits="0" />
            <line number="60" hits="0" />
            <line number="188" hits="0" />
            <line number="190" hits="0" />
            <line number="191" hits="0" />
            <line number="192" hits="0" />
            <line number="195" hits="0" />
            <line number="198" hits="0" />
            <line number="199" hits="0" />
            <line number="203" hits="0" />
            <line number="205" hits="0" />
            <line number="214" hits="0" />
            <line number="215" hits="0" />
            <line number="272" hits="1" />
            <line number="273" hits="1" />
            <line number="274" hits="1" />
            <line number="278" hits="1" />
            <line number="279" hits="1" />
            <line number="280" hits="1" />
            <line number="281" hits="1" />
            <line number="283" hits="1" />
            <line number="287" hits="1" />
            <line number="291" hits="1" />
            <line number="292" hits="1" />
            <line number="293" hits="1" />
            <line number="294" hits="1" />
            <line number="296" hits="1" />
            <line number="299" hits="1" />
            <line number="302" hits="1" />
            <line number="303" hits="1" />
            <line number="304" hits="1" />
            <line number="305" hits="1" />
            <line number="307" hits="1" />
            <line number="311" hits="1" />
            <line number="314" hits="1" />
            <line number="315" hits="1" />
            <line number="317" hits="1" />
            <line number="318" hits="1" />
            <line number="320" hits="1" />
            <line number="321" hits="1" />
            <line number="322" hits="0" />
            <line number="327" hits="0" />
            <line number="329" hits="0" />
            <line number="330" hits="0" />
            <line number="332" hits="0" />
            <line number="333" hits="0" />
            <line number="334" hits="0" />
            <line number="335" hits="0" />
            <line number="336" hits="0" />
            <line number="339" hits="0" />
            <line number="344" hits="1" />
            <line number="345" hits="1" />
            <line number="348" hits="0" />
            <line number="349" hits="0" />
            <line number="350" hits="0" />
            <line number="351" hits="0" />
            <line number="354" hits="0" />
            <line number="361" hits="0" />
            <line number="364" hits="1" />
            <line number="366" hits="1" />
            <line number="367" hits="1" />
            <line number="371" hits="1" />
            <line number="372" hits="1" />
            <line number="375" hits="1" />
            <line number="377" hits="1" />
            <line number="378" hits="1" />
            <line number="382" hits="1" />
            <line number="383" hits="1" />
            <line number="386" hits="1" />
            <line number="387" hits="1" />
            <line number="388" hits="1" />
            <line number="390" hits="0" />
            <line number="392" hits="0" />
            <line number="393" hits="0" />
            <line number="397" hits="0" />
            <line number="398" hits="0" />
            <line number="401" hits="0" />
            <line number="402" hits="0" />
            <line number="403" hits="0" />
            <line number="404" hits="0" />
            <line number="406" hits="0" />
            <line number="409" hits="0" />
            <line number="412" hits="0" />
            <line number="413" hits="0" />
            <line number="414" hits="0" />
          </lines>
        </class>
        <class name="HorizonQuestLibrary.cpp" filename="PackagedBuild/Plugins/HorizonQuest/Source/HorizonQuest/Private/HorizonQuestLibrary.cpp" line-rate="0.5252" branch-rate="0.0000" complexity="0" lines-covered="146" lines-valid="278" branches-covered="0" branches-valid="0">
          <methods />
          <lines>
            <line number="21" hits="1" />
            <line number="22" hits="1" />
            <line number="23" hits="1" />
            <line number="26" hits="1" />
            <line number="27" hits="1" />
            <line number="28" hits="1" />
            <line number="30" hits="1" />
            <line number="32" hits="1" />
            <line number="33" hits="1" />
            <line number="36" hits="1" />
            <line number="46" hits="1" />
            <line number="47" hits="1" />
            <line number="54" hits="1" />
            <line number="55" hits="1" />
            <line number="56" hits="1" />
            <line number="59" hits="1" />
            <line number="60" hits="1" />
            <line number="61" hits="1" />
            <line number="64" hits="1" />
            <line number="66" hits="1" />
            <line number="67" hits="1" />
            <line number="71" hits="1" />
            <line number="81" hits="1" />
            <line number="82" hits="1" />
            <line number="88" hits="1" />
            <line number="90" hits="1" />
            <line number="93" hits="1" />
            <line number="95" hits="1" />
            <line number="96" hits="1" />
            <line number="99" hits="1" />
            <line number="101" hits="1" />
            <line number="102" hits="1" />
            <line number="104" hits="1" />
            <line number="108" hits="1" />
            <line number="109" hits="1" />
            <line number="111" hits="1" />
            <line number="113" hits="1" />
            <line number="116" hits="1" />
            <line number="118" hits="1" />
            <line number="119" hits="1" />
            <line number="121" hits="1" />
            <line number="122" hits="1" />
            <line number="123" hits="1" />
            <line number="125" hits="1" />
            <line number="126" hits="1" />
            <line number="127" hits="1" />
            <line number="129" hits="1" />
            <line number="132" hits="1" />
            <line number="135" hits="1" />
            <line number="136" hits="1" />
            <line number="138" hits="1" />
            <line number="139" hits="1" />
            <line number="140" hits="1" />
            <line number="142" hits="1" />
            <line number="143" hits="1" />
            <line number="144" hits="1" />
            <line number="146" hits="1" />
            <line number="147" hits="1" />
            <line number="150" hits="1" />
            <line number="158" hits="1" />
            <line number="160" hits="1" />
            <line number="161" hits="1" />
            <line number="163" hits="1" />
            <line number="166" hits="1" />
            <line number="170" hits="1" />
            <line number="178" hits="1" />
            <line number="182" hits="0" />
            <line number="183" hits="0" />
            <line number="184" hits="0" />
            <line number="185" hits="0" />
            <line number="186" hits="0" />
            <line number="190" hits="0" />
            <line number="191" hits="0" />
            <line number="192" hits="0" />
            <line number="195" hits="0" />
            <line number="196" hits="0" />
            <line number="197" hits="0" />
            <line number="200" hits="0" />
            <line number="201" hits="0" />
            <line number="202" hits="0" />
            <line number="205" hits="1" />
            <line number="208" hits="1" />
            <line number="210" hits="1" />
            <line number="213" hits="1" />
            <line number="214" hits="1" />
            <line number="217" hits="0" />
            <line number="218" hits="0" />
            <line number="219" hits="0" />
            <line number="220" hits="0" />
            <line number="221" hits="0" />
            <line number="225" hits="1" />
            <line number="226" hits="1" />
            <line number="227" hits="1" />
            <line number="229" hits="1" />
            <line number="231" hits="1" />
            <line number="233" hits="1" />
            <line number="235" hits="1" />
            <line number="238" hits="1" />
            <line number="240" hits="1" />
            <line number="242" hits="1" />
            <line number="243" hits="1" />
            <line number="246" hits="1" />
            <line number="247" hits="1" />
            <line number="250" hits="1" />
            <line number="259" hits="0" />
            <line number="260" hits="1" />
            <line number="264" hits="0" />
            <line number="267" hits="0" />
            <line number="268" hits="0" />
            <line number="269" hits="0" />
            <line number="271" hits="0" />
            <line number="272" hits="0" />
            <line number="274" hits="0" />
            <line number="276" hits="0" />
            <line number="278" hits="0" />
            <line number="280" hits="0" />
            <line number="283" hits="0" />
            <line number="284" hits="0" />
            <line number="286" hits="0" />
            <line number="287" hits="0" />
            <line number="289" hits="0" />
            <line number="290" hits="0" />
            <line number="291" hits="0" />
            <line number="292" hits="0" />
            <line number="298" hits="0" />
            <line number="303" hits="0" />
            <line number="306" hits="0" />
            <line number="307" hits="0" />
            <line number="314" hits="1" />
            <line number="317" hits="1" />
            <line number="318" hits="1" />
            <line number="319" hits="1" />
            <line number="321" hits="1" />
            <line number="322" hits="1" />
            <line number="324" hits="1" />
            <line number="326" hits="1" />
            <line number="328" hits="1" />
            <line number="330" hits="1" />
            <line number="333" hits="1" />
            <line number="334" hits="1" />
            <line number="336" hits="1" />
            <line number="337" hits="1" />
            <line number="339" hits="1" />
            <line number="340" hits="1" />
            <line number="341" hits="1" />
            <line number="342" hits="1" />
            <line number="344" hits="1" />
            <line number="346" hits="1" />
            <line number="348" hits="1" />
            <line number="350" hits="1" />
            <line number="355" hits="1" />
            <line number="357" hits="1" />
            <line number="358" hits="1" />
            <line number="362" hits="0" />
            <line number="366" hits="0" />
            <line number="367" hits="0" />
            <line number="368" hits="0" />
            <line number="370" hits="0" />
            <line number="371" hits="0" />
            <line number="373" hits="0" />
            <line number="374" hits="0" />
            <line number="375" hits="1" />
            <line number="377" hits="1" />
            <line number="382" hits="1" />
            <line number="383" hits="1" />
            <line number="384" hits="1" />
            <line number="386" hits="1" />
            <line number="390" hits="0" />
            <line number="392" hits="1" />
            <line number="396" hits="0" />
            <line number="398" hits="1" />
            <line number="399" hits="0" />
            <line number="400" hits="0" />
            <line number="405" hits="0" />
            <line number="406" hits="0" />
            <line number="409" hits="0" />
            <line number="410" hits="0" />
            <line number="411" hits="0" />
            <line number="412" hits="0" />
            <line number="414" hits="0" />
            <line number="415" hits="0" />
            <line number="418" hits="0" />
            <line number="420" hits="0" />
            <line number="424" hits="0" />
            <line number="425" hits="0" />
            <line number="426" hits="0" />
            <line number="428" hits="0" />
            <line number="430" hits="0" />
            <line number="434" hits="0" />
            <line number="435" hits="0" />
            <line number="437" hits="0" />
            <line number="438" hits="0" />
            <line number="442" hits="0" />
            <line number="444" hits="0" />
            <line number="445" hits="0" />
            <line number="447" hits="0" />
            <line number="448" hits="0" />
            <line number="457" hits="0" />
            <line number="458" hits="0" />
            <line number="459" hits="0" />
            <line number="461" hits="0" />
            <line number="465" hits="0" />
            <line number="467" hits="0" />
            <line number="470" hits="0" />
            <line number="472" hits="0" />
            <line number="475" hits="0" />
            <line number="477" hits="0" />
            <line number="480" hits="0" />
            <line number="481" hits="0" />
            <line number="486" hits="0" />
            <line number="487" hits="0" />
            <line number="489" hits="0" />
            <line number="492" hits="0" />
            <line number="493" hits="0" />
            <line number="496" hits="0" />
            <line number="497" hits="0" />
            <line number="499" hits="0" />
            <line number="503" hits="0" />
            <line number="504" hits="0" />
            <line number="512" hits="1" />
            <line number="513" hits="1" />
            <line number="514" hits="1" />
            <line number="516" hits="1" />
            <line number="517" hits="1" />
            <line number="519" hits="1" />
            <line number="520" hits="1" />
            <line number="521" hits="1" />
            <line number="523" hits="0" />
            <line number="525" hits="0" />
            <line number="527" hits="1" />
            <line number="528" hits="1" />
            <line number="531" hits="0" />
            <line number="533" hits="1" />
            <line number="535" hits="1" />
            <line number="536" hits="1" />
            <line number="542" hits="1" />
            <line number="543" hits="1" />
            <line number="544" hits="1" />
            <line number="546" hits="1" />
            <line number="547" hits="1" />
            <line number="549" hits="1" />
            <line number="550" hits="1" />
            <line number="551" hits="1" />
            <line number="553" hits="1" />
            <line number="555" hits="0" />
            <line number="557" hits="1" />
            <line number="558" hits="1" />
            <line number="561" hits="0" />
            <line number="563" hits="1" />
            <line number="565" hits="1" />
            <line number="566" hits="1" />
            <line number="569" hits="0" />
            <line number="570" hits="0" />
            <line number="573" hits="0" />
            <line number="575" hits="0" />
            <line number="580" hits="0" />
            <line number="581" hits="0" />
            <line number="584" hits="0" />
            <line number="592" hits="0" />
            <line number="593" hits="0" />
            <line number="596" hits="0" />
            <line number="597" hits="0" />
            <line number="599" hits="0" />
            <line number="601" hits="0" />
            <line number="605" hits="0" />
            <line number="612" hits="0" />
            <line number="614" hits="0" />
            <line number="616" hits="0" />
            <line number="617" hits="0" />
            <line number="619" hits="0" />
            <line number="622" hits="0" />
            <line number="623" hits="0" />
            <line number="628" hits="0" />
            <line number="631" hits="0" />
            <line number="633" hits="0" />
            <line number="635" hits="0" />
            <line number="648" hits="0" />
            <line number="649" hits="0" />
          </lines>
        </class>
        <class name="HorizonQuestManagerComponent.cpp" filename="PackagedBuild/Plugins/HorizonQuest/Source/HorizonQuest/Private/HorizonQuestManagerComponent.cpp" line-rate="0.8157" branch-rate="0.0000" complexity="0" lines-covered="416" lines-valid="510" branches-covered="0" branches-valid="0">
          <methods />
          <lines>
            <line number="21" hits="1" />
            <line number="24" hits="1" />
            <line number="25" hits="1" />
            <line number="26" hits="1" />
            <line number="32" hits="1" />
            <line number="33" hits="1" />
            <line number="34" hits="1" />
            <line number="35" hits="1" />
            <line number="36" hits="1" />
            <line number="37" hits="1" />
            <line number="40" hits="1" />
            <line number="41" hits="1" />
            <line number="42" hits="1" />
            <line number="43" hits="1" />
            <line number="44" hits="1" />
            <line number="45" hits="1" />
            <line number="47" hits="1" />
            <line number="50" hits="1" />
            <line number="51" hits="1" />
            <line number="52" hits="1" />
            <line number="54" hits="1" />
            <line number="56" hits="1" />
            <line number="65" hits="1" />
            <line number="66" hits="1" />
            <line number="68" hits="1" />
            <line number="70" hits="1" />
            <line number="72" hits="1" />
            <line number="74" hits="1" />
            <line number="76" hits="1" />
            <line number="78" hits="1" />
            <line number="81" hits="1" />
            <line number="84" hits="1" />
            <line number="85" hits="1" />
            <line number="88" hits="1" />
            <line number="93" hits="1" />
            <line number="95" hits="1" />
            <line number="97" hits="1" />
            <line number="99" hits="0" />
            <line number="100" hits="0" />
            <line number="103" hits="0" />
            <line number="104" hits="0" />
            <line number="105" hits="0" />
            <line number="106" hits="0" />
            <line number="107" hits="0" />
            <line number="113" hits="1" />
            <line number="114" hits="1" />
            <line number="115" hits="1" />
            <line number="119" hits="1" />
            <line number="120" hits="1" />
            <line number="121" hits="1" />
            <line number="126" hits="1" />
            <line number="127" hits="1" />
            <line number="138" hits="1" />
            <line number="139" hits="1" />
            <line number="141" hits="1" />
            <line number="143" hits="1" />
            <line number="146" hits="1" />
            <line number="148" hits="1" />
            <line number="149" hits="1" />
            <line number="150" hits="1" />
            <line number="153" hits="1" />
            <line number="155" hits="1" />
            <line number="156" hits="1" />
            <line number="158" hits="1" />
            <line number="159" hits="1" />
            <line number="161" hits="1" />
            <line number="163" hits="1" />
            <line number="166" hits="1" />
            <line number="167" hits="1" />
            <line number="172" hits="1" />
            <line number="174" hits="1" />
            <line number="177" hits="1" />
            <line number="179" hits="1" />
            <line number="180" hits="1" />
            <line number="182" hits="1" />
            <line number="187" hits="0" />
            <line number="188" hits="0" />
            <line number="191" hits="1" />
            <line number="192" hits="1" />
            <line number="193" hits="1" />
            <line number="196" hits="1" />
            <line number="197" hits="1" />
            <line number="217" hits="1" />
            <line number="218" hits="1" />
            <line number="229" hits="1" />
            <line number="231" hits="1" />
            <line number="233" hits="1" />
            <line number="236" hits="1" />
            <line number="239" hits="1" />
            <line number="241" hits="1" />
            <line number="243" hits="1" />
            <line number="244" hits="1" />
            <line number="246" hits="1" />
            <line number="248" hits="1" />
            <line number="249" hits="1" />
            <line number="252" hits="1" />
            <line number="254" hits="1" />
            <line number="255" hits="0" />
            <line number="257" hits="1" />
            <line number="259" hits="1" />
            <line number="261" hits="1" />
            <line number="262" hits="1" />
            <line number="267" hits="1" />
            <line number="269" hits="1" />
            <line number="272" hits="1" />
            <line number="273" hits="1" />
            <line number="274" hits="1" />
            <line number="276" hits="1" />
            <line number="283" hits="1" />
            <line number="286" hits="1" />
            <line number="287" hits="1" />
            <line number="290" hits="1" />
            <line number="292" hits="1" />
            <line number="293" hits="0" />
            <line number="295" hits="1" />
            <line number="299" hits="1" />
            <line number="302" hits="1" />
            <line number="304" hits="1" />
            <line number="306" hits="1" />
            <line number="308" hits="1" />
            <line number="309" hits="1" />
            <line number="310" hits="1" />
            <line number="311" hits="1" />
            <line number="313" hits="1" />
            <line number="315" hits="1" />
            <line number="317" hits="1" />
            <line number="321" hits="1" />
            <line number="324" hits="0" />
            <line number="328" hits="1" />
            <line number="329" hits="1" />
            <line number="349" hits="1" />
            <line number="350" hits="1" />
            <line number="351" hits="1" />
            <line number="353" hits="1" />
            <line number="355" hits="1" />
            <line number="356" hits="1" />
            <line number="358" hits="1" />
            <line number="359" hits="1" />
            <line number="360" hits="1" />
            <line number="361" hits="1" />
            <line number="363" hits="1" />
            <line number="365" hits="1" />
            <line number="367" hits="1" />
            <line number="373" hits="1" />
            <line number="376" hits="1" />
            <line number="377" hits="1" />
            <line number="378" hits="1" />
            <line number="380" hits="1" />
            <line number="381" hits="1" />
            <line number="383" hits="1" />
            <line number="385" hits="1" />
            <line number="388" hits="1" />
            <line number="389" hits="0" />
            <line number="392" hits="1" />
            <line number="394" hits="1" />
            <line number="399" hits="1" />
            <line number="401" hits="1" />
            <line number="403" hits="1" />
            <line number="405" hits="1" />
            <line number="408" hits="1" />
            <line number="411" hits="1" />
            <line number="412" hits="1" />
            <line number="413" hits="1" />
            <line number="415" hits="1" />
            <line number="416" hits="1" />
            <line number="417" hits="1" />
            <line number="418" hits="1" />
            <line number="420" hits="1" />
            <line number="426" hits="1" />
            <line number="427" hits="1" />
            <line number="428" hits="1" />
            <line number="429" hits="1" />
            <line number="430" hits="1" />
            <line number="436" hits="1" />
            <line number="437" hits="1" />
            <line number="441" hits="1" />
            <line number="446" hits="1" />
            <line number="447" hits="1" />
            <line number="448" hits="1" />
            <line number="449" hits="1" />
            <line number="450" hits="1" />
            <line number="455" hits="1" />
            <line number="456" hits="1" />
            <line number="460" hits="1" />
            <line number="464" hits="0" />
            <line number="465" hits="0" />
            <line number="475" hits="1" />
            <line number="476" hits="1" />
            <line number="477" hits="1" />
            <line number="478" hits="1" />
            <line number="479" hits="1" />
            <line number="480" hits="1" />
            <line number="481" hits="1" />
            <line number="482" hits="1" />
            <line number="484" hits="1" />
            <line number="487" hits="1" />
            <line number="489" hits="1" />
            <line number="490" hits="1" />
            <line number="491" hits="1" />
            <line number="497" hits="1" />
            <line number="498" hits="1" />
            <line number="507" hits="1" />
            <line number="508" hits="1" />
            <line number="509" hits="1" />
            <line number="510" hits="1" />
            <line number="511" hits="1" />
            <line number="512" hits="1" />
            <line number="513" hits="1" />
            <line number="514" hits="1" />
            <line number="516" hits="1" />
            <line number="519" hits="1" />
            <line number="521" hits="1" />
            <line number="522" hits="1" />
            <line number="523" hits="1" />
            <line number="527" hits="1" />
            <line number="528" hits="1" />
            <line number="538" hits="1" />
            <line number="539" hits="1" />
            <line number="540" hits="1" />
            <line number="541" hits="1" />
            <line number="542" hits="1" />
            <line number="543" hits="1" />
            <line number="544" hits="1" />
            <line number="545" hits="1" />
            <line number="547" hits="1" />
            <line number="550" hits="1" />
            <line number="552" hits="1" />
            <line number="553" hits="1" />
            <line number="554" hits="1" />
            <line number="558" hits="0" />
            <line number="559" hits="0" />
            <line number="568" hits="0" />
            <line number="569" hits="0" />
            <line number="570" hits="0" />
            <line number="571" hits="0" />
            <line number="572" hits="0" />
            <line number="573" hits="0" />
            <line number="574" hits="0" />
            <line number="575" hits="0" />
            <line number="577" hits="0" />
            <line number="581" hits="0" />
            <line number="583" hits="0" />
            <line number="584" hits="0" />
            <line number="585" hits="0" />
            <line number="589" hits="1" />
            <line number="590" hits="1" />
            <line number="600" hits="1" />
            <line number="601" hits="1" />
            <line number="602" hits="1" />
            <line number="603" hits="1" />
            <line number="604" hits="1" />
            <line number="605" hits="1" />
            <line number="606" hits="1" />
            <line number="607" hits="1" />
            <line number="609" hits="1" />
            <line number="613" hits="1" />
            <line number="615" hits="1" />
            <line number="616" hits="1" />
            <line number="617" hits="1" />
            <line number="624" hits="1" />
            <line number="625" hits="1" />
            <line number="626" hits="1" />
            <line number="627" hits="1" />
            <line number="628" hits="1" />
            <line number="629" hits="1" />
            <line number="630" hits="1" />
            <line number="631" hits="1" />
            <line number="633" hits="1" />
            <line number="636" hits="1" />
            <line number="637" hits="1" />
            <line number="638" hits="1" />
            <line number="639" hits="1" />
            <line number="642" hits="1" />
            <line number="643" hits="1" />
            <line number="644" hits="1" />
            <line number="645" hits="1" />
            <line number="646" hits="1" />
            <line number="650" hits="1" />
            <line number="651" hits="1" />
            <line number="652" hits="1" />
            <line number="653" hits="1" />
            <line number="654" hits="1" />
            <line number="658" hits="1" />
            <line number="659" hits="1" />
            <line number="660" hits="1" />
            <line number="661" hits="1" />
            <line number="662" hits="1" />
            <line number="674" hits="1" />
            <line number="675" hits="1" />
            <line number="679" hits="0" />
            <line number="680" hits="0" />
            <line number="681" hits="0" />
            <line number="682" hits="0" />
            <line number="683" hits="0" />
            <line number="687" hits="1" />
            <line number="688" hits="1" />
            <line number="689" hits="1" />
            <line number="690" hits="1" />
            <line number="692" hits="1" />
            <line number="700" hits="0" />
            <line number="701" hits="1" />
            <line number="705" hits="1" />
            <line number="707" hits="1" />
            <line number="708" hits="1" />
            <line number="714" hits="1" />
            <line number="716" hits="1" />
            <line number="717" hits="1" />
            <line number="724" hits="1" />
            <line number="725" hits="1" />
            <line number="728" hits="1" />
            <line number="729" hits="1" />
            <line number="730" hits="1" />
            <line number="731" hits="1" />
            <line number="732" hits="1" />
            <line number="735" hits="1" />
            <line number="737" hits="1" />
            <line number="745" hits="1" />
            <line number="746" hits="1" />
            <line number="749" hits="0" />
            <line number="750" hits="0" />
            <line number="751" hits="0" />
            <line number="752" hits="0" />
            <line number="753" hits="0" />
            <line number="756" hits="1" />
            <line number="758" hits="1" />
            <line number="766" hits="1" />
            <line number="767" hits="1" />
            <line number="770" hits="1" />
            <line number="771" hits="1" />
            <line number="772" hits="1" />
            <line number="773" hits="1" />
            <line number="774" hits="1" />
            <line number="777" hits="1" />
            <line number="779" hits="1" />
            <line number="787" hits="1" />
            <line number="788" hits="1" />
            <line number="791" hits="0" />
            <line number="792" hits="0" />
            <line number="793" hits="0" />
            <line number="794" hits="0" />
            <line number="795" hits="0" />
            <line number="798" hits="1" />
            <line number="800" hits="1" />
            <line number="801" hits="1" />
            <line number="803" hits="1" />
            <line number="814" hits="1" />
            <line number="815" hits="1" />
            <line number="821" hits="0" />
            <line number="822" hits="0" />
            <line number="823" hits="0" />
            <line number="824" hits="0" />
            <line number="825" hits="0" />
            <line number="830" hits="0" />
            <line number="831" hits="0" />
            <line number="835" hits="0" />
            <line number="836" hits="0" />
            <line number="837" hits="0" />
            <line number="840" hits="1" />
            <line number="841" hits="1" />
            <line number="842" hits="1" />
            <line number="846" hits="0" />
            <line number="847" hits="0" />
            <line number="848" hits="0" />
            <line number="851" hits="1" />
            <line number="852" hits="1" />
            <line number="853" hits="1" />
            <line number="856" hits="1" />
            <line number="857" hits="1" />
            <line number="862" hits="1" />
            <line number="865" hits="1" />
            <line number="866" hits="1" />
            <line number="867" hits="1" />
            <line number="869" hits="1" />
            <line number="878" hits="1" />
            <line number="883" hits="1" />
            <line number="888" hits="1" />
            <line number="895" hits="1" />
            <line number="901" hits="1" />
            <line number="906" hits="1" />
            <line number="907" hits="1" />
            <line number="909" hits="0" />
            <line number="916" hits="1" />
            <line number="918" hits="1" />
            <line number="920" hits="0" />
            <line number="924" hits="1" />
            <line number="926" hits="1" />
            <line number="928" hits="1" />
            <line number="929" hits="1" />
            <line number="930" hits="0" />
            <line number="933" hits="1" />
            <line number="935" hits="0" />
            <line number="936" hits="0" />
            <line number="938" hits="0" />
            <line number="942" hits="0" />
            <line number="949" hits="1" />
            <line number="951" hits="0" />
            <line number="957" hits="0" />
            <line number="958" hits="1" />
            <line number="962" hits="1" />
            <line number="967" hits="1" />
            <line number="968" hits="1" />
            <line number="970" hits="0" />
            <line number="977" hits="1" />
            <line number="979" hits="1" />
            <line number="982" hits="0" />
            <line number="987" hits="1" />
            <line number="988" hits="1" />
            <line number="994" hits="1" />
            <line number="995" hits="1" />
            <line number="996" hits="1" />
            <line number="1001" hits="0" />
            <line number="1002" hits="0" />
            <line number="1005" hits="1" />
            <line number="1006" hits="1" />
            <line number="1008" hits="1" />
            <line number="1009" hits="1" />
            <line number="1010" hits="1" />
            <line number="1011" hits="1" />
            <line number="1013" hits="1" />
            <line number="1015" hits="1" />
            <line number="1017" hits="1" />
            <line number="1020" hits="1" />
            <line number="1021" hits="0" />
            <line number="1022" hits="1" />
            <line number="1023" hits="1" />
            <line number="1024" hits="1" />
            <line number="1028" hits="1" />
            <line number="1029" hits="1" />
            <line number="1035" hits="1" />
            <line number="1036" hits="1" />
            <line number="1044" hits="1" />
            <line number="1048" hits="1" />
            <line number="1054" hits="1" />
            <line number="1058" hits="1" />
            <line number="1060" hits="1" />
            <line number="1061" hits="1" />
            <line number="1063" hits="1" />
            <line number="1064" hits="0" />
            <line number="1066" hits="1" />
            <line number="1067" hits="1" />
            <line number="1074" hits="1" />
            <line number="1075" hits="1" />
            <line number="1076" hits="1" />
            <line number="1077" hits="1" />
            <line number="1079" hits="1" />
            <line number="1082" hits="1" />
            <line number="1083" hits="0" />
            <line number="1085" hits="1" />
            <line number="1087" hits="1" />
            <line number="1088" hits="1" />
            <line number="1089" hits="1" />
            <line number="1090" hits="1" />
            <line number="1092" hits="1" />
            <line number="1093" hits="1" />
            <line number="1095" hits="1" />
            <line number="1100" hits="1" />
            <line number="1102" hits="1" />
            <line number="1103" hits="1" />
            <line number="1111" hits="1" />
            <line number="1115" hits="1" />
            <line number="1118" hits="1" />
            <line number="1121" hits="0" />
            <line number="1124" hits="1" />
            <line number="1126" hits="0" />
            <line number="1138" hits="1" />
            <line number="1140" hits="1" />
            <line number="1143" hits="1" />
            <line number="1144" hits="1" />
            <line number="1145" hits="1" />
            <line number="1147" hits="1" />
            <line number="1150" hits="0" />
            <line number="1154" hits="1" />
            <line number="1156" hits="1" />
            <line number="1158" hits="1" />
            <line number="1159" hits="1" />
            <line number="1161" hits="1" />
            <line number="1164" hits="1" />
            <line number="1168" hits="1" />
            <line number="1174" hits="0" />
            <line number="1177" hits="1" />
            <line number="1182" hits="1" />
            <line number="1183" hits="1" />
            <line number="1185" hits="1" />
            <line number="1186" hits="1" />
            <line number="1188" hits="1" />
            <line number="1189" hits="0" />
            <line number="1191" hits="1" />
            <line number="1195" hits="1" />
            <line number="1197" hits="0" />
            <line number="1198" hits="0" />
            <line number="1199" hits="0" />
            <line number="1200" hits="0" />
            <line number="1202" hits="0" />
            <line number="1204" hits="0" />
            <line number="1205" hits="0" />
            <line number="1206" hits="1" />
            <line number="1207" hits="1" />
            <line number="1213" hits="1" />
            <line number="1214" hits="1" />
            <line number="1215" hits="0" />
            <line number="1218" hits="0" />
            <line number="1219" hits="0" />
            <line number="1225" hits="0" />
            <line number="1226" hits="0" />
            <line number="1228" hits="0" />
            <line number="1229" hits="0" />
            <line number="1231" hits="1" />
            <line number="1232" hits="1" />
            <line number="1233" hits="1" />
            <line number="1234" hits="1" />
          </lines>
        </class>
        <class name="HorizonQuestModule.cpp" filename="PackagedBuild/Plugins/HorizonQuest/Source/HorizonQuest/Private/HorizonQuestModule.cpp" line-rate="0.6667" branch-rate="0.0000" complexity="0" lines-covered="4" lines-valid="6" branches-covered="0" branches-valid="0">
          <methods />
          <lines>
            <line number="10" hits="1" />
            <line number="12" hits="1" />
            <line number="15" hits="0" />
            <line number="18" hits="0" />
            <line number="21" hits="1" />
            <line number="22" hits="1" />
          </lines>
        </class>
        <class name="HorizonQuestPrivate.h" filename="PackagedBuild/Plugins/HorizonQuest/Source/HorizonQuest/Private/HorizonQuestPrivate.h" line-rate="1.0000" branch-rate="0.0000" complexity="0" lines-covered="1" lines-valid="1" branches-covered="0" branches-valid="0">
          <methods />
          <lines>
            <line number="88" hits="1" />
          </lines>
        </class>
        <class name="HorizonQuestRequirement.cpp" filename="PackagedBuild/Plugins/HorizonQuest/Source/HorizonQuest/Private/HorizonQuestRequirement.cpp" line-rate="1.0000" branch-rate="0.0000" complexity="0" lines-covered="6" lines-valid="6" branches-covered="0" branches-valid="0">
          <methods />
          <lines>
            <line number="17" hits="1" />
            <line number="18" hits="1" />
            <line number="19" hits="1" />
            <line number="22" hits="1" />
            <line number="23" hits="1" />
            <line number="24" hits="1" />
          </lines>
        </class>
        <class name="HorizonQuestReward.cpp" filename="PackagedBuild/Plugins/HorizonQuest/Source/HorizonQuest/Private/HorizonQuestReward.cpp" line-rate="1.0000" branch-rate="0.0000" complexity="0" lines-covered="6" lines-valid="6" branches-covered="0" branches-valid="0">
          <methods />
          <lines>
            <line number="16" hits="1" />
            <line number="17" hits="1" />
            <line number="18" hits="1" />
            <line number="22" hits="1" />
            <line number="23" hits="1" />
            <line number="24" hits="1" />
          </lines>
        </class>
        <class name="HorizonQuestTriggerVolume.cpp" filename="PackagedBuild/Plugins/HorizonQuest/Source/HorizonQuest/Private/HorizonQuestTriggerVolume.cpp" line-rate="0.0000" branch-rate="0.0000" complexity="0" lines-covered="0" lines-valid="15" branches-covered="0" branches-valid="0">
          <methods />
          <lines>
            <line number="14" hits="0" />
            <line number="15" hits="0" />
            <line number="16" hits="0" />
            <line number="19" hits="0" />
            <line number="20" hits="0" />
            <line number="21" hits="0" />
            <line number="22" hits="0" />
            <line number="25" hits="0" />
            <line number="26" hits="0" />
            <line number="29" hits="0" />
            <line number="30" hits="0" />
            <line number="33" hits="0" />
            <line number="37" hits="0" />
            <line number="38" hits="0" />
            <line number="39" hits="0" />
          </lines>
        </class>
        <class name="HorizonQuestArchive.cpp" filename="PackagedBuild/Plugins/HorizonQuest/Source/HorizonQuest/Private/Serialization/HorizonQuestArchive.cpp" line-rate="1.0000" branch-rate="0.0000" complexity="0" lines-covered="5" lines-valid="5" branches-covered="0" branches-valid="0">
          <methods />
          <lines>
            <line number="10" hits="1" />
            <line number="11" hits="1" />
            <line number="12" hits="1" />
            <line number="13" hits="1" />
            <line number="14" hits="1" />
          </lines>
        </class>
        <class name="HorizonQuest.spec.cpp" filename="PackagedBuild/Plugins/HorizonQuest/Source/HorizonQuest/Private/Test/HorizonQuest.spec.cpp" line-rate="0.9929" branch-rate="0.0000" complexity="0" lines-covered="279" lines-valid="281" branches-covered="0" branches-valid="0">
          <methods />
          <lines>
            <line number="27" hits="1" />
            <line number="29" hits="1" />
            <line number="30" hits="1" />
            <line number="32" hits="1" />
            <line number="39" hits="1" />
            <line number="40" hits="1" />
            <line number="49" hits="1" />
            <line number="51" hits="1" />
            <line number="54" hits="1" />
            <line number="55" hits="1" />
            <line number="56" hits="1" />
            <line number="57" hits="1" />
            <line number="58" hits="1" />
            <line number="59" hits="1" />
            <line number="60" hits="1" />
            <line number="61" hits="1" />
            <line number="63" hits="1" />
            <line number="84" hits="1" />
            <line number="85" hits="1" />
            <line number="86" hits="1" />
            <line number="87" hits="1" />
            <line number="88" hits="1" />
            <line number="89" hits="1" />
            <line number="90" hits="1" />
            <line number="91" hits="1" />
            <line number="94" hits="1" />
            <line number="96" hits="1" />
            <line number="97" hits="1" />
            <line number="98" hits="1" />
            <line number="99" hits="1" />
            <line number="101" hits="1" />
            <line number="102" hits="1" />
            <line number="103" hits="1" />
            <line number="107" hits="1" />
            <line number="109" hits="1" />
            <line number="110" hits="1" />
            <line number="112" hits="0" />
            <line number="116" hits="0" />
            <line number="121" hits="1" />
            <line number="129" hits="1" />
            <line number="131" hits="1" />
            <line number="132" hits="1" />
            <line number="134" hits="1" />
            <line number="136" hits="1" />
            <line number="137" hits="1" />
            <line number="139" hits="1" />
            <line number="141" hits="1" />
            <line number="142" hits="1" />
            <line number="143" hits="1" />
            <line number="144" hits="1" />
            <line number="146" hits="1" />
            <line number="147" hits="1" />
            <line number="148" hits="1" />
            <line number="150" hits="1" />
            <line number="151" hits="1" />
            <line number="152" hits="1" />
            <line number="154" hits="1" />
            <line number="155" hits="1" />
            <line number="156" hits="1" />
            <line number="158" hits="1" />
            <line number="159" hits="1" />
            <line number="160" hits="1" />
            <line number="162" hits="1" />
            <line number="163" hits="1" />
            <line number="164" hits="1" />
            <line number="166" hits="1" />
            <line number="167" hits="1" />
            <line number="168" hits="1" />
            <line number="170" hits="1" />
            <line number="171" hits="1" />
            <line number="172" hits="1" />
            <line number="174" hits="1" />
            <line number="175" hits="1" />
            <line number="176" hits="1" />
            <line number="178" hits="1" />
            <line number="182" hits="1" />
            <line number="183" hits="1" />
            <line number="184" hits="1" />
            <line number="186" hits="1" />
            <line number="187" hits="1" />
            <line number="188" hits="1" />
            <line number="189" hits="1" />
            <line number="190" hits="1" />
            <line number="191" hits="1" />
            <line number="193" hits="1" />
            <line number="194" hits="1" />
            <line number="196" hits="1" />
            <line number="199" hits="1" />
            <line number="202" hits="1" />
            <line number="203" hits="1" />
            <line number="204" hits="1" />
            <line number="205" hits="1" />
            <line number="206" hits="1" />
            <line number="207" hits="1" />
            <line number="208" hits="1" />
            <line number="209" hits="1" />
            <line number="210" hits="1" />
            <line number="211" hits="1" />
            <line number="213" hits="1" />
            <line number="216" hits="1" />
            <line number="217" hits="1" />
            <line number="218" hits="1" />
            <line number="219" hits="1" />
            <line number="220" hits="1" />
            <line number="223" hits="1" />
            <line number="224" hits="1" />
            <line number="225" hits="1" />
            <line number="226" hits="1" />
            <line number="227" hits="1" />
            <line number="228" hits="1" />
            <line number="233" hits="1" />
            <line number="234" hits="1" />
            <line number="238" hits="1" />
            <line number="239" hits="1" />
            <line number="240" hits="1" />
            <line number="241" hits="1" />
            <line number="242" hits="1" />
            <line number="243" hits="1" />
            <line number="247" hits="1" />
            <line number="248" hits="1" />
            <line number="250" hits="1" />
            <line number="252" hits="1" />
            <line number="253" hits="1" />
            <line number="254" hits="1" />
            <line number="255" hits="1" />
            <line number="256" hits="1" />
            <line number="259" hits="1" />
            <line number="260" hits="1" />
            <line number="263" hits="1" />
            <line number="264" hits="1" />
            <line number="265" hits="1" />
            <line number="268" hits="1" />
            <line number="271" hits="1" />
            <line number="272" hits="1" />
            <line number="273" hits="1" />
            <line number="276" hits="1" />
            <line number="279" hits="1" />
            <line number="280" hits="1" />
            <line number="281" hits="1" />
            <line number="283" hits="1" />
            <line number="286" hits="1" />
            <line number="287" hits="1" />
            <line number="288" hits="1" />
            <line number="289" hits="1" />
            <line number="290" hits="1" />
            <line number="294" hits="1" />
            <line number="295" hits="1" />
            <line number="296" hits="1" />
            <line number="297" hits="1" />
            <line number="301" hits="1" />
            <line number="302" hits="1" />
            <line number="304" hits="1" />
            <line number="310" hits="1" />
            <line number="313" hits="1" />
            <line number="318" hits="1" />
            <line number="323" hits="1" />
            <line number="326" hits="1" />
            <line number="329" hits="1" />
            <line number="331" hits="1" />
            <line number="332" hits="1" />
            <line number="333" hits="1" />
            <line number="334" hits="1" />
            <line number="335" hits="1" />
            <line number="337" hits="1" />
            <line number="339" hits="1" />
            <line number="341" hits="1" />
            <line number="344" hits="1" />
            <line number="346" hits="1" />
            <line number="347" hits="1" />
            <line number="348" hits="1" />
            <line number="349" hits="1" />
            <line number="350" hits="1" />
            <line number="352" hits="1" />
            <line number="354" hits="1" />
            <line number="357" hits="1" />
            <line number="360" hits="1" />
            <line number="363" hits="1" />
            <line number="364" hits="1" />
            <line number="365" hits="1" />
            <line number="366" hits="1" />
            <line number="367" hits="1" />
            <line number="369" hits="1" />
            <line number="370" hits="1" />
            <line number="372" hits="1" />
            <line number="373" hits="1" />
            <line number="376" hits="1" />
            <line number="378" hits="1" />
            <line number="380" hits="1" />
            <line number="381" hits="1" />
            <line number="382" hits="1" />
            <line number="383" hits="1" />
            <line number="384" hits="1" />
            <line number="388" hits="1" />
            <line number="389" hits="1" />
            <line number="390" hits="1" />
            <line number="391" hits="1" />
            <line number="396" hits="1" />
            <line number="397" hits="1" />
            <line number="398" hits="1" />
            <line number="399" hits="1" />
            <line number="400" hits="1" />
            <line number="403" hits="1" />
            <line number="404" hits="1" />
            <line number="405" hits="1" />
            <line number="406" hits="1" />
            <line number="407" hits="1" />
            <line number="408" hits="1" />
            <line number="409" hits="1" />
            <line number="410" hits="1" />
            <line number="411" hits="1" />
            <line number="412" hits="1" />
            <line number="413" hits="1" />
            <line number="416" hits="1" />
            <line number="417" hits="1" />
            <line number="418" hits="1" />
            <line number="419" hits="1" />
            <line number="420" hits="1" />
            <line number="421" hits="1" />
            <line number="422" hits="1" />
            <line number="426" hits="1" />
            <line number="427" hits="1" />
            <line number="428" hits="1" />
            <line number="429" hits="1" />
            <line number="430" hits="1" />
            <line number="431" hits="1" />
            <line number="432" hits="1" />
            <line number="434" hits="1" />
            <line number="435" hits="1" />
            <line number="436" hits="1" />
            <line number="437" hits="1" />
            <line number="441" hits="1" />
            <line number="442" hits="1" />
            <line number="443" hits="1" />
            <line number="445" hits="1" />
            <line number="446" hits="1" />
            <line number="447" hits="1" />
            <line number="449" hits="1" />
            <line number="450" hits="1" />
            <line number="452" hits="1" />
            <line number="453" hits="1" />
            <line number="457" hits="1" />
            <line number="459" hits="1" />
            <line number="460" hits="1" />
            <line number="462" hits="1" />
            <line number="463" hits="1" />
            <line number="464" hits="1" />
            <line number="465" hits="1" />
            <line number="467" hits="1" />
            <line number="469" hits="1" />
            <line number="470" hits="1" />
            <line number="471" hits="1" />
            <line number="472" hits="1" />
            <line number="473" hits="1" />
            <line number="474" hits="1" />
            <line number="477" hits="1" />
            <line number="480" hits="1" />
            <line number="482" hits="1" />
            <line number="486" hits="1" />
            <line number="488" hits="1" />
            <line number="490" hits="1" />
            <line number="493" hits="1" />
            <line number="494" hits="1" />
            <line number="495" hits="1" />
            <line number="499" hits="1" />
            <line number="500" hits="1" />
            <line number="501" hits="1" />
            <line number="505" hits="1" />
            <line number="506" hits="1" />
            <line number="507" hits="1" />
            <line number="508" hits="1" />
            <line number="510" hits="1" />
            <line number="513" hits="1" />
            <line number="515" hits="1" />
            <line number="517" hits="1" />
            <line number="521" hits="1" />
            <line number="522" hits="1" />
            <line number="523" hits="1" />
            <line number="524" hits="1" />
            <line number="525" hits="1" />
            <line number="528" hits="1" />
            <line number="529" hits="1" />
          </lines>
        </class>
        <class name="HorizonQuestDebugListIItemWidget.cpp" filename="PackagedBuild/Plugins/HorizonQuest/Source/HorizonQuest/Private/Widget/HorizonQuestDebugListIItemWidget.cpp" line-rate="0.0000" branch-rate="0.0000" complexity="0" lines-covered="0" lines-valid="11" branches-covered="0" branches-valid="0">
          <methods />
          <lines>
            <line number="10" hits="0" />
            <line number="11" hits="0" />
            <line number="13" hits="0" />
            <line number="16" hits="0" />
            <line number="18" hits="0" />
            <line number="19" hits="0" />
            <line number="21" hits="0" />
            <line number="22" hits="0" />
            <line number="23" hits="0" />
            <line number="26" hits="0" />
            <line number="31" hits="0" />
          </lines>
        </class>
        <class name="HorizonQuestDebugTileView.cpp" filename="PackagedBuild/Plugins/HorizonQuest/Source/HorizonQuest/Private/Widget/HorizonQuestDebugTileView.cpp" line-rate="0.0000" branch-rate="0.0000" complexity="0" lines-covered="0" lines-valid="37" branches-covered="0" branches-valid="0">
          <methods />
          <lines>
            <line number="19" hits="0" />
            <line number="21" hits="0" />
            <line number="22" hits="0" />
            <line number="23" hits="0" />
            <line number="25" hits="0" />
            <line number="27" hits="0" />
            <line number="37" hits="0" />
            <line number="40" hits="0" />
            <line number="41" hits="0" />
            <line number="42" hits="0" />
            <line number="44" hits="0" />
            <line number="46" hits="0" />
            <line number="47" hits="0" />
            <line number="48" hits="0" />
            <line number="49" hits="0" />
            <line number="55" hits="0" />
            <line number="56" hits="0" />
            <line number="57" hits="0" />
            <line number="58" hits="0" />
            <line number="60" hits="0" />
            <line number="66" hits="0" />
            <line number="67" hits="0" />
            <line number="69" hits="0" />
            <line number="70" hits="0" />
            <line number="71" hits="0" />
            <line number="74" hits="0" />
            <line number="75" hits="0" />
            <line number="77" hits="0" />
            <line number="78" hits="0" />
            <line number="79" hits="0" />
            <line number="83" hits="0" />
            <line number="85" hits="0" />
            <line number="87" hits="0" />
            <line number="90" hits="0" />
            <line number="93" hits="0" />
            <line number="94" hits="0" />
            <line number="106" hits="0" />
          </lines>
        </class>
        <class name="HorizonQuestDetailWidget.cpp" filename="PackagedBuild/Plugins/HorizonQuest/Source/HorizonQuest/Private/Widget/HorizonQuestDetailWidget.cpp" line-rate="0.5761" branch-rate="0.0000" complexity="0" lines-covered="53" lines-valid="92" branches-covered="0" branches-valid="0">
          <methods />
          <lines>
            <line number="21" hits="1" />
            <line number="22" hits="1" />
            <line number="23" hits="1" />
            <line number="24" hits="1" />
            <line number="27" hits="1" />
            <line number="28" hits="1" />
            <line number="49" hits="1" />
            <line number="50" hits="1" />
            <line number="52" hits="1" />
            <line number="54" hits="1" />
            <line number="59" hits="1" />
            <line number="60" hits="1" />
            <line number="62" hits="1" />
            <line number="63" hits="1" />
            <line number="64" hits="1" />
            <line number="65" hits="1" />
            <line number="67" hits="1" />
            <line number="68" hits="1" />
            <line number="71" hits="1" />
            <line number="73" hits="1" />
            <line number="74" hits="1" />
            <line number="78" hits="1" />
            <line number="81" hits="0" />
            <line number="83" hits="0" />
            <line number="85" hits="0" />
            <line number="87" hits="0" />
            <line number="88" hits="0" />
            <line number="89" hits="0" />
            <line number="91" hits="0" />
            <line number="93" hits="0" />
            <line number="96" hits="0" />
            <line number="99" hits="1" />
            <line number="101" hits="1" />
            <line number="105" hits="1" />
            <line number="107" hits="1" />
            <line number="109" hits="1" />
            <line number="112" hits="1" />
            <line number="114" hits="1" />
            <line number="115" hits="1" />
            <line number="116" hits="1" />
            <line number="118" hits="1" />
            <line number="120" hits="1" />
            <line number="124" hits="1" />
            <line number="127" hits="1" />
            <line number="129" hits="1" />
            <line number="134" hits="1" />
            <line number="136" hits="1" />
            <line number="138" hits="1" />
            <line number="140" hits="1" />
            <line number="142" hits="1" />
            <line number="143" hits="1" />
            <line number="144" hits="1" />
            <line number="146" hits="1" />
            <line number="148" hits="1" />
            <line number="152" hits="1" />
            <line number="155" hits="0" />
            <line number="157" hits="0" />
            <line number="161" hits="1" />
            <line number="163" hits="0" />
            <line number="165" hits="0" />
            <line number="168" hits="0" />
            <line number="170" hits="0" />
            <line number="171" hits="0" />
            <line number="173" hits="0" />
            <line number="175" hits="0" />
            <line number="177" hits="0" />
            <line number="181" hits="0" />
            <line number="184" hits="1" />
            <line number="186" hits="1" />
            <line number="191" hits="1" />
            <line number="194" hits="1" />
            <line number="196" hits="1" />
            <line number="199" hits="1" />
            <line number="204" hits="0" />
            <line number="205" hits="0" />
            <line number="206" hits="0" />
            <line number="207" hits="0" />
            <line number="208" hits="0" />
            <line number="210" hits="0" />
            <line number="213" hits="0" />
            <line number="214" hits="0" />
            <line number="215" hits="0" />
            <line number="217" hits="0" />
            <line number="218" hits="0" />
            <line number="220" hits="0" />
            <line number="221" hits="0" />
            <line number="222" hits="0" />
            <line number="224" hits="0" />
            <line number="226" hits="0" />
            <line number="227" hits="0" />
            <line number="230" hits="0" />
            <line number="231" hits="0" />
          </lines>
        </class>
        <class name="HorizonQuestHintWidget.cpp" filename="PackagedBuild/Plugins/HorizonQuest/Source/HorizonQuest/Private/Widget/HorizonQuestHintWidget.cpp" line-rate="0.7797" branch-rate="0.0000" complexity="0" lines-covered="46" lines-valid="59" branches-covered="0" branches-valid="0">
          <methods />
          <lines>
            <line number="20" hits="1" />
            <line number="21" hits="1" />
            <line number="27" hits="1" />
            <line number="28" hits="1" />
            <line number="29" hits="1" />
            <line number="31" hits="1" />
            <line number="33" hits="1" />
            <line number="36" hits="0" />
            <line number="37" hits="0" />
            <line number="38" hits="0" />
            <line number="39" hits="0" />
            <line number="41" hits="0" />
            <line number="42" hits="0" />
            <line number="43" hits="0" />
            <line number="44" hits="0" />
            <line number="45" hits="0" />
            <line number="47" hits="0" />
            <line number="48" hits="0" />
            <line number="51" hits="1" />
            <line number="52" hits="1" />
            <line number="53" hits="1" />
            <line number="54" hits="1" />
            <line number="57" hits="1" />
            <line number="58" hits="1" />
            <line number="59" hits="1" />
            <line number="60" hits="1" />
            <line number="61" hits="1" />
            <line number="63" hits="1" />
            <line number="66" hits="1" />
            <line number="72" hits="1" />
            <line number="79" hits="1" />
            <line number="87" hits="1" />
            <line number="95" hits="1" />
            <line number="100" hits="1" />
            <line number="104" hits="1" />
            <line number="107" hits="1" />
            <line number="108" hits="1" />
            <line number="109" hits="1" />
            <line number="110" hits="1" />
            <line number="112" hits="0" />
            <line number="114" hits="1" />
            <line number="115" hits="1" />
            <line number="118" hits="1" />
            <line number="119" hits="1" />
            <line number="121" hits="1" />
            <line number="123" hits="1" />
            <line number="126" hits="1" />
            <line number="127" hits="1" />
            <line number="129" hits="1" />
            <line number="131" hits="1" />
            <line number="133" hits="1" />
            <line number="134" hits="1" />
            <line number="135" hits="1" />
            <line number="137" hits="1" />
            <line number="138" hits="1" />
            <line number="141" hits="1" />
            <line number="143" hits="1" />
            <line number="146" hits="0" />
            <line number="149" hits="1" />
          </lines>
        </class>
        <class name="HorizonQuestListIItemWidget.cpp" filename="PackagedBuild/Plugins/HorizonQuest/Source/HorizonQuest/Private/Widget/HorizonQuestListIItemWidget.cpp" line-rate="0.6667" branch-rate="0.0000" complexity="0" lines-covered="28" lines-valid="42" branches-covered="0" branches-valid="0">
          <methods />
          <lines>
            <line number="20" hits="1" />
            <line number="21" hits="1" />
            <line number="22" hits="1" />
            <line number="24" hits="0" />
            <line number="26" hits="1" />
            <line number="29" hits="0" />
            <line number="30" hits="0" />
            <line number="31" hits="0" />
            <line number="34" hits="0" />
            <line number="35" hits="0" />
            <line number="37" hits="0" />
            <line number="40" hits="0" />
            <line number="43" hits="1" />
            <line number="44" hits="1" />
            <line number="46" hits="1" />
            <line number="64" hits="1" />
            <line number="65" hits="1" />
            <line number="72" hits="1" />
            <line number="75" hits="1" />
            <line number="77" hits="1" />
            <line number="82" hits="1" />
            <line number="83" hits="1" />
            <line number="89" hits="1" />
            <line number="91" hits="1" />
            <line number="93" hits="1" />
            <line number="94" hits="1" />
            <line number="96" hits="1" />
            <line number="98" hits="1" />
            <line number="100" hits="1" />
            <line number="101" hits="1" />
            <line number="107" hits="1" />
            <line number="110" hits="1" />
            <line number="113" hits="1" />
            <line number="114" hits="1" />
            <line number="116" hits="0" />
            <line number="117" hits="0" />
            <line number="119" hits="0" />
            <line number="120" hits="0" />
            <line number="122" hits="0" />
            <line number="126" hits="0" />
            <line number="134" hits="1" />
            <line number="139" hits="1" />
          </lines>
        </class>
        <class name="HorizonQuestMenuWidget.cpp" filename="PackagedBuild/Plugins/HorizonQuest/Source/HorizonQuest/Private/Widget/HorizonQuestMenuWidget.cpp" line-rate="0.0000" branch-rate="0.0000" complexity="0" lines-covered="0" lines-valid="41" branches-covered="0" branches-valid="0">
          <methods />
          <lines>
            <line number="17" hits="0" />
            <line number="18" hits="0" />
            <line number="19" hits="0" />
            <line number="20" hits="0" />
            <line number="21" hits="0" />
            <line number="23" hits="0" />
            <line number="26" hits="0" />
            <line number="31" hits="0" />
            <line number="34" hits="0" />
            <line number="37" hits="0" />
            <line number="38" hits="0" />
            <line number="39" hits="0" />
            <line number="40" hits="0" />
            <line number="42" hits="0" />
            <line number="44" hits="0" />
            <line number="45" hits="0" />
            <line number="50" hits="0" />
            <line number="51" hits="0" />
            <line number="52" hits="0" />
            <line number="54" hits="0" />
            <line number="56" hits="0" />
            <line number="59" hits="0" />
            <line number="60" hits="0" />
            <line number="61" hits="0" />
            <line number="79" hits="0" />
            <line number="81" hits="0" />
            <line number="84" hits="0" />
            <line number="87" hits="0" />
            <line number="88" hits="0" />
            <line number="90" hits="0" />
            <line number="92" hits="0" />
            <line number="96" hits="0" />
            <line number="100" hits="0" />
            <line number="101" hits="0" />
            <line number="103" hits="0" />
            <line number="104" hits="0" />
            <line number="106" hits="0" />
            <line number="107" hits="0" />
            <line number="108" hits="0" />
            <line number="109" hits="0" />
            <line number="115" hits="0" />
          </lines>
        </class>
        <class name="HorizonQuestTreeView.cpp" filename="PackagedBuild/Plugins/HorizonQuest/Source/HorizonQuest/Private/Widget/HorizonQuestTreeView.cpp" line-rate="0.6522" branch-rate="0.0000" complexity="0" lines-covered="45" lines-valid="69" branches-covered="0" branches-valid="0">
          <methods />
          <lines>
            <line number="20" hits="1" />
            <line number="21" hits="1" />
            <line number="28" hits="1" />
            <line number="31" hits="1" />
            <line number="32" hits="1" />
            <line number="34" hits="1" />
            <line number="40" hits="1" />
            <line number="47" hits="1" />
            <line number="49" hits="1" />
            <line number="54" hits="1" />
            <line number="57" hits="0" />
            <line number="59" hits="0" />
            <line number="60" hits="0" />
            <line number="61" hits="0" />
            <line number="63" hits="0" />
            <line number="64" hits="0" />
            <line number="66" hits="0" />
            <line number="67" hits="0" />
            <line number="73" hits="1" />
            <line number="74" hits="1" />
            <line number="75" hits="1" />
            <line number="76" hits="1" />
            <line number="79" hits="1" />
            <line number="80" hits="1" />
            <line number="81" hits="1" />
            <line number="83" hits="1" />
            <line number="84" hits="1" />
            <line number="86" hits="1" />
            <line number="87" hits="1" />
            <line number="90" hits="0" />
            <line number="94" hits="1" />
            <line number="95" hits="1" />
            <line number="98" hits="0" />
            <line number="99" hits="0" />
            <line number="100" hits="0" />
            <line number="101" hits="0" />
            <line number="102" hits="0" />
            <line number="107" hits="1" />
            <line number="113" hits="1" />
            <line number="114" hits="1" />
            <line number="115" hits="1" />
            <line number="120" hits="1" />
            <line number="121" hits="1" />
            <line number="123" hits="1" />
            <line number="126" hits="1" />
            <line number="136" hits="1" />
            <line number="139" hits="1" />
            <line number="141" hits="1" />
            <line number="147" hits="0" />
            <line number="149" hits="0" />
            <line number="151" hits="0" />
            <line number="154" hits="0" />
            <line number="162" hits="0" />
            <line number="171" hits="0" />
            <line number="172" hits="0" />
            <line number="173" hits="0" />
            <line number="174" hits="0" />
            <line number="175" hits="0" />
            <line number="182" hits="1" />
[...]
            <line number="85" hits="0" />
            <line number="91" hits="0" />
          </lines>
        </class>
        <class name="HorizonQuestMenuWidget.h" filename="PackagedBuild/Plugins/HorizonQuest/Source/HorizonQuest/Public/Widget/HorizonQuestMenuWidget.h" line-rate="0.2500" branch-rate="0.0000" complexity="0" lines-covered="1" lines-valid="4" branches-covered="0" branches-valid="0">
          <methods />
          <lines>
            <line number="27" hits="1" />
            <line number="41" hits="0" />
            <line number="44" hits="0" />
            <line number="54" hits="0" />
          </lines>
        </class>
        <class name="HorizonQuestTreeView.h" filename="PackagedBuild/Plugins/HorizonQuest/Source/HorizonQuest/Public/Widget/HorizonQuestTreeView.h" line-rate="0.1000" branch-rate="0.0000" complexity="0" lines-covered="1" lines-valid="10" branches-covered="0" branches-valid="0">
          <methods />
          <lines>
            <line number="29" hits="1" />
            <line number="64" hits="0" />
            <line number="75" hits="0" />
            <line number="79" hits="0" />
            <line number="84" hits="0" />
            <line number="87" hits="0" />
            <line number="90" hits="0" />
            <line number="93" hits="0" />
            <line number="97" hits="0" />
            <line number="101" hits="0" />
          </lines>
        </class>
        <class name="HorizonQuestFlagDataContainer.cpp" filename="PackagedBuild/Plugins/HorizonQuest/Source/HorizonQuestFlag/Private/Data/HorizonQuestFlagDataContainer.cpp" line-rate="0.4655" branch-rate="0.0000" complexity="0" lines-covered="27" lines-valid="58" branches-covered="0" branches-valid="0">
          <methods />
          <lines>
            <line number="8" hits="0" />
            <line number="9" hits="0" />
            <line number="11" hits="0" />
            <line number="16" hits="0" />
            <line number="17" hits="0" />
            <line number="20" hits="0" />
            <line number="23" hits="0" />
            <line number="24" hits="0" />
            <line number="26" hits="0" />
            <line number="29" hits="0" />
            <line number="30" hits="0" />
            <line number="32" hits="0" />
            <line number="35" hits="1" />
            <line number="36" hits="1" />
            <line number="37" hits="1" />
            <line number="38" hits="1" />
            <line number="40" hits="1" />
            <line number="42" hits="1" />
            <line number="46" hits="0" />
            <line number="50" hits="1" />
            <line number="53" hits="1" />
            <line number="58" hits="0" />
            <line number="60" hits="0" />
            <line number="62" hits="0" />
            <line number="66" hits="1" />
            <line number="69" hits="1" />
            <line number="70" hits="1" />
            <line number="71" hits="1" />
            <line number="77" hits="1" />
            <line number="78" hits="1" />
            <line number="79" hits="1" />
            <line number="80" hits="1" />
            <line number="81" hits="1" />
            <line number="82" hits="1" />
            <line number="86" hits="1" />
            <line number="89" hits="0" />
            <line number="90" hits="0" />
            <line number="91" hits="0" />
            <line number="94" hits="0" />
            <line number="95" hits="0" />
            <line number="100" hits="0" />
            <line number="102" hits="0" />
            <line number="103" hits="0" />
            <line number="104" hits="0" />
            <line number="106" hits="0" />
            <line number="109" hits="0" />
            <line number="110" hits="0" />
            <line number="111" hits="0" />
            <line number="112" hits="0" />
            <line number="113" hits="0" />
            <line number="116" hits="1" />
            <line number="117" hits="1" />
            <line number="118" hits="1" />
            <line number="121" hits="1" />
            <line number="124" hits="1" />
            <line number="128" hits="1" />
            <line number="130" hits="1" />
            <line number="131" hits="1" />
          </lines>
        </class>
        <class name="HorizonQuestFlagLibrary.cpp" filename="PackagedBuild/Plugins/HorizonQuest/Source/HorizonQuestFlag/Private/HorizonQuestFlagLibrary.cpp" line-rate="0.6667" branch-rate="0.0000" complexity="0" lines-covered="14" lines-valid="21" branches-covered="0" branches-valid="0">
          <methods />
          <lines>
            <line number="17" hits="1" />
            <line number="18" hits="1" />
            <line number="19" hits="1" />
            <line number="21" hits="1" />
            <line number="22" hits="1" />
            <line number="23" hits="1" />
            <line number="25" hits="1" />
            <line number="27" hits="1" />
            <line number="29" hits="1" />
            <line number="30" hits="1" />
            <line number="33" hits="1" />
            <line number="34" hits="1" />
            <line number="37" hits="1" />
            <line number="44" hits="0" />
            <line number="45" hits="1" />
            <line number="49" hits="0" />
            <line number="50" hits="0" />
            <line number="51" hits="0" />
            <line number="53" hits="0" />
            <line number="55" hits="0" />
            <line number="56" hits="0" />
          </lines>
        </class>
        <class name="HorizonQuestFlagManagerComponent.cpp" filename="PackagedBuild/Plugins/HorizonQuest/Source/HorizonQuestFlag/Private/HorizonQuestFlagManagerComponent.cpp" line-rate="0.7647" branch-rate="0.0000" complexity="0" lines-covered="39" lines-valid="51" branches-covered="0" branches-valid="0">
          <methods />
          <lines>
            <line number="12" hits="0" />
            <line number="15" hits="0" />
            <line number="16" hits="0" />
            <line number="17" hits="0" />
            <line number="23" hits="1" />
            <line number="24" hits="1" />
            <line number="25" hits="1" />
            <line number="26" hits="1" />
            <line number="27" hits="1" />
            <line number="30" hits="1" />
            <line number="31" hits="1" />
            <line number="32" hits="1" />
            <line number="33" hits="1" />
            <line number="34" hits="1" />
            <line number="47" hits="1" />
            <line number="48" hits="1" />
            <line number="50" hits="1" />
            <line number="51" hits="1" />
            <line number="55" hits="1" />
            <line number="56" hits="1" />
            <line number="57" hits="1" />
            <line number="60" hits="1" />
            <line number="61" hits="1" />
            <line number="62" hits="1" />
            <line number="63" hits="1" />
            <line number="65" hits="1" />
            <line number="68" hits="1" />
            <line number="70" hits="1" />
            <line number="71" hits="1" />
            <line number="76" hits="1" />
            <line number="77" hits="1" />
            <line number="80" hits="1" />
            <line number="81" hits="1" />
            <line number="83" hits="1" />
            <line number="84" hits="1" />
            <line number="85" hits="1" />
            <line number="87" hits="1" />
            <line number="90" hits="1" />
            <line number="91" hits="1" />
            <line number="92" hits="1" />
            <line number="96" hits="1" />
            <line number="97" hits="1" />
            <line number="98" hits="1" />
            <line number="106" hits="0" />
            <line number="107" hits="0" />
            <line number="109" hits="0" />
            <line number="110" hits="0" />
            <line number="113" hits="0" />
            <line number="114" hits="0" />
            <line number="115" hits="0" />
            <line number="116" hits="0" />
          </lines>
        </class>
        <class name="HorizonQuestFlagModule.cpp" filename="PackagedBuild/Plugins/HorizonQuest/Source/HorizonQuestFlag/Private/HorizonQuestFlagModule.cpp" line-rate="0.6667" branch-rate="0.0000" complexity="0" lines-covered="4" lines-valid="6" branches-covered="0" branches-valid="0">
          <methods />
          <lines>
            <line number="12" hits="1" />
            <line number="20" hits="1" />
            <line number="23" hits="0" />
            <line number="26" hits="0" />
            <line number="29" hits="1" />
            <line number="30" hits="1" />
          </lines>
        </class>
        <class name="HorizonQuestFlagTriggerVolume.cpp" filename="PackagedBuild/Plugins/HorizonQuest/Source/HorizonQuestFlag/Private/HorizonQuestFlagTriggerVolume.cpp" line-rate="0.5600" branch-rate="0.0000" complexity="0" lines-covered="14" lines-valid="25" branches-covered="0" branches-valid="0">
          <methods />
          <lines>
            <line number="17" hits="0" />
            <line number="18" hits="0" />
            <line number="19" hits="0" />
            <line number="22" hits="1" />
            <line number="23" hits="1" />
            <line number="24" hits="1" />
            <line number="25" hits="1" />
            <line number="30" hits="0" />
            <line number="32" hits="0" />
            <line number="34" hits="0" />
            <line number="37" hits="0" />
            <line number="38" hits="0" />
            <line number="42" hits="0" />
            <line number="45" hits="1" />
            <line number="46" hits="1" />
            <line number="51" hits="1" />
            <line number="52" hits="1" />
            <line number="53" hits="1" />
            <line number="54" hits="1" />
            <line number="56" hits="1" />
            <line number="60" hits="1" />
            <line number="66" hits="0" />
            <line number="67" hits="0" />
            <line number="75" hits="1" />
            <line number="76" hits="1" />
          </lines>
        </class>
        <class name="HorizonQuestFlagArchive.cpp" filename="PackagedBuild/Plugins/HorizonQuest/Source/HorizonQuestFlag/Private/Serialization/HorizonQuestFlagArchive.cpp" line-rate="0.0000" branch-rate="0.0000" complexity="0" lines-covered="0" lines-valid="4" branches-covered="0" branches-valid="0">
          <methods />
          <lines>
            <line number="9" hits="0" />
            <line number="10" hits="0" />
            <line number="11" hits="0" />
            <line number="12" hits="0" />
          </lines>
        </class>
        <class name="HorizonQuestFlag.spec.cpp" filename="PackagedBuild/Plugins/HorizonQuest/Source/HorizonQuestFlag/Private/Test/HorizonQuestFlag.spec.cpp" line-rate="0.9718" branch-rate="0.0000" complexity="0" lines-covered="69" lines-valid="71" branches-covered="0" branches-valid="0">
          <methods />
          <lines>
            <line number="29" hits="1" />
            <line number="31" hits="1" />
            <line number="32" hits="1" />
            <line number="34" hits="1" />
            <line number="41" hits="1" />
            <line number="42" hits="1" />
            <line number="57" hits="1" />
            <line number="59" hits="1" />
            <line number="71" hits="1" />
            <line number="74" hits="1" />
            <line number="77" hits="1" />
            <line number="78" hits="1" />
            <line number="79" hits="1" />
            <line number="80" hits="1" />
            <line number="81" hits="1" />
            <line number="82" hits="1" />
            <line number="83" hits="1" />
            <line number="87" hits="1" />
            <line number="90" hits="1" />
            <line number="91" hits="1" />
            <line number="93" hits="0" />
            <line number="98" hits="0" />
            <line number="103" hits="1" />
            <line number="111" hits="1" />
            <line number="113" hits="1" />
            <line number="114" hits="1" />
            <line number="116" hits="1" />
            <line number="118" hits="1" />
            <line number="119" hits="1" />
            <line number="121" hits="1" />
            <line number="123" hits="1" />
            <line number="124" hits="1" />
            <line number="126" hits="1" />
            <line number="128" hits="1" />
            <line number="130" hits="1" />
            <line number="133" hits="1" />
            <line number="134" hits="1" />
            <line number="135" hits="1" />
            <line number="136" hits="1" />
            <line number="137" hits="1" />
            <line number="138" hits="1" />
            <line number="139" hits="1" />
            <line number="141" hits="1" />
            <line number="144" hits="1" />
            <line number="146" hits="1" />
            <line number="147" hits="1" />
            <line number="148" hits="1" />
            <line number="154" hits="1" />
            <line number="158" hits="1" />
            <line number="167" hits="1" />
            <line number="169" hits="1" />
            <line number="172" hits="1" />
            <line number="175" hits="1" />
            <line number="176" hits="1" />
            <line number="177" hits="1" />
            <line number="178" hits="1" />
            <line number="182" hits="1" />
            <line number="185" hits="1" />
            <line number="188" hits="1" />
            <line number="192" hits="1" />
            <line number="195" hits="1" />
            <line number="198" hits="1" />
            <line number="203" hits="1" />
            <line number="206" hits="1" />
            <line number="210" hits="1" />
            <line number="212" hits="1" />
            <line number="213" hits="1" />
            <line number="214" hits="1" />
            <line number="215" hits="1" />
            <line number="218" hits="1" />
            <line number="219" hits="1" />
          </lines>
        </class>
        <class name="HorizonQuestFlagLibrary.h" filename="PackagedBuild/Plugins/HorizonQuest/Source/HorizonQuestFlag/Public/HorizonQuestFlagLibrary.h" line-rate="1.0000" branch-rate="0.0000" complexity="0" lines-covered="1" lines-valid="1" branches-covered="0" branches-valid="0">
          <methods />
          <lines>
            <line number="26" hits="1" />
          </lines>
        </class>
        <class name="HorizonQuestFlagManagerComponent.h" filename="PackagedBuild/Plugins/HorizonQuest/Source/HorizonQuestFlag/Public/HorizonQuestFlagManagerComponent.h" line-rate="1.0000" branch-rate="0.0000" complexity="0" lines-covered="1" lines-valid="1" branches-covered="0" branches-valid="0">
          <methods />
          <lines>
            <line number="26" hits="1" />
          </lines>
        </class>
        <class name="HorizonQuestFlagTriggerVolume.h" filename="PackagedBuild/Plugins/HorizonQuest/Source/HorizonQuestFlag/Public/HorizonQuestFlagTriggerVolume.h" line-rate="0.3333" branch-rate="0.0000" complexity="0" lines-covered="1" lines-valid="3" branches-covered="0" branches-valid="0">
          <methods />
          <lines>
            <line number="26" hits="1" />
            <line number="46" hits="0" />
            <line number="52" hits="0" />
          </lines>
        </class>
        <class name="HorizonQuestFlagArchive.h" filename="PackagedBuild/Plugins/HorizonQuest/Source/HorizonQuestFlag/Public/Serialization/HorizonQuestFlagArchive.h" line-rate="0.0000" branch-rate="0.0000" complexity="0" lines-covered="0" lines-valid="1" branches-covered="0" branches-valid="0">
          <methods />
          <lines>
            <line number="34" hits="0" />
          </lines>
        </class>
        <class name="HorizonQuestDemo.cpp" filename="PackagedBuild/Source/HorizonQuestDemo/Private/HorizonQuestDemo.cpp" line-rate="1.0000" branch-rate="0.0000" complexity="0" lines-covered="1" lines-valid="1" branches-covered="0" branches-valid="0">
          <methods />
          <lines>
            <line number="6" hits="1" />
          </lines>
        </class>
        <class name="HorizonQuestDemoCharacter.cpp" filename="PackagedBuild/Source/HorizonQuestDemo/Private/HorizonQuestDemoCharacter.cpp" line-rate="0.6000" branch-rate="0.0000" complexity="0" lines-covered="30" lines-valid="50" branches-covered="0" branches-valid="0">
          <methods />
          <lines>
            <line number="12" hits="1" />
            <line number="14" hits="1" />
            <line number="26" hits="1" />
            <line number="27" hits="1" />
            <line number="32" hits="1" />
            <line number="33" hits="1" />
            <line number="34" hits="1" />
            <line number="38" hits="1" />
            <line number="39" hits="1" />
            <line number="40" hits="1" />
            <line number="44" hits="1" />
            <line number="50" hits="1" />
            <line number="52" hits="1" />
            <line number="53" hits="1" />
            <line number="54" hits="1" />
            <line number="56" hits="1" />
            <line number="57" hits="1" />
            <line number="62" hits="1" />
            <line number="63" hits="1" />
            <line number="64" hits="1" />
            <line number="65" hits="1" />
            <line number="68" hits="1" />
            <line number="69" hits="1" />
            <line number="72" hits="1" />
            <line number="78" hits="0" />
            <line number="79" hits="0" />
            <line number="83" hits="0" />
            <line number="84" hits="0" />
            <line number="88" hits="0" />
            <line number="90" hits="0" />
            <line number="92" hits="0" />
            <line number="94" hits="0" />
            <line number="97" hits="0" />
            <line number="99" hits="0" />
            <line number="101" hits="0" />
            <line number="103" hits="0" />
            <line number="106" hits="1" />
            <line number="107" hits="1" />
            <line number="110" hits="0" />
            <line number="111" hits="0" />
            <line number="114" hits="0" />
            <line number="115" hits="0" />
            <line number="117" hits="1" />
            <line number="120" hits="1" />
            <line number="121" hits="1" />
            <line number="124" hits="0" />
            <line number="125" hits="0" />
            <line number="128" hits="0" />
            <line number="130" hits="0" />
            <line number="132" hits="1" />
          </lines>
        </class>
        <class name="HorizonQuestDemoGameMode.cpp" filename="PackagedBuild/Source/HorizonQuestDemo/Private/HorizonQuestDemoGameMode.cpp" line-rate="0.8333" branch-rate="0.0000" complexity="0" lines-covered="5" lines-valid="6" branches-covered="0" branches-valid="0">
          <methods />
          <lines>
            <line number="8" hits="1" />
            <line number="10" hits="1" />
            <line number="11" hits="1" />
            <line number="13" hits="1" />
            <line number="17" hits="0" />
            <line number="19" hits="1" />
          </lines>
        </class>
        <class name="HorizonQuestDemoCharacter.h" filename="PackagedBuild/Source/HorizonQuestDemo/Public/HorizonQuestDemoCharacter.h" line-rate="1.0000" branch-rate="0.0000" complexity="0" lines-covered="1" lines-valid="1" branches-covered="0" branches-valid="0">
          <methods />
          <lines>
            <line number="12" hits="1" />
          </lines>
        </class>
        <class name="HorizonQuestDemoGameMode.h" filename="PackagedBuild/Source/HorizonQuestDemo/Public/HorizonQuestDemoGameMode.h" line-rate="1.0000" branch-rate="0.0000" complexity="0" lines-covered="1" lines-valid="1" branches-covered="0" branches-valid="0">
          <methods />
          <lines>
            <line number="12" hits="1" />
          </lines>
        </class>
      </classes></package>
  </packages></coverage>